2010-05-20 12:48:20 Notice: Notice (8): Undefined property: PostsController::$UserMst in [/var/www/staple/app/app_controller.php, line 70]
2010-05-20 12:52:58 Notice: Notice (8): Undefined property: PostsController::$UserMst in [/var/www/staple/app/app_controller.php, line 71]
2010-05-20 12:53:56 Notice: Notice (8): Undefined property: View::$Session in [/usr/share/php/cake/libs/view/layouts/default.ctp, line 43]
2010-05-20 12:54:15 Notice: Notice (8): Undefined property: View::$Session in [/usr/share/php/cake/libs/view/layouts/default.ctp, line 43]
2010-05-20 12:54:35 Notice: Notice (8): Undefined property: View::$Session in [/usr/share/php/cake/libs/view/layouts/default.ctp, line 43]
2010-05-20 12:54:56 Notice: Notice (8): Undefined property: View::$Session in [/usr/share/php/cake/libs/view/layouts/default.ctp, line 43]
2010-05-31 17:47:32 Notice: Notice (8): Undefined index:  limit in [/usr/share/php/cake/libs/view/helpers/paginator.php, line 546]
2010-05-31 17:47:32 Notice: Notice (8): Undefined index:  limit in [/usr/share/php/cake/libs/view/helpers/paginator.php, line 548]
2010-05-31 17:50:17 Notice: Notice (8): Undefined index:  created in [/var/www/household/app/views/main/index.ctp, line 4]
2010-05-31 18:10:17 Notice: Notice (8): Undefined index:  created in [/var/www/household/app/views/main/index.ctp, line 4]
2010-05-31 18:45:05 Notice: Notice (8): Undefined index:  created in [/var/www/household/app/views/main/index.ctp, line 4]
2010-05-31 18:45:16 Notice: Notice (8): Undefined index:  created in [/var/www/household/app/views/main/index.ctp, line 4]
2010-05-31 18:47:12 Notice: Notice (8): Undefined property: MainController::$paginator in [/var/www/household/app/controllers/main_controller.php, line 20]
2010-05-31 18:54:27 Notice: Notice (8): Undefined index:  limit in [/usr/share/php/cake/libs/view/helpers/paginator.php, line 557]
2010-05-31 18:54:27 Notice: Notice (8): Undefined index:  limit in [/usr/share/php/cake/libs/view/helpers/paginator.php, line 559]
2010-05-31 18:54:51 Notice: Notice (8): Undefined index:  limit in [/usr/share/php/cake/libs/view/helpers/paginator.php, line 557]
2010-05-31 18:54:51 Notice: Notice (8): Undefined index:  limit in [/usr/share/php/cake/libs/view/helpers/paginator.php, line 559]
2010-05-31 18:54:52 Notice: Notice (8): Undefined index:  limit in [/usr/share/php/cake/libs/view/helpers/paginator.php, line 557]
2010-05-31 18:54:52 Notice: Notice (8): Undefined index:  limit in [/usr/share/php/cake/libs/view/helpers/paginator.php, line 559]
2010-05-31 18:55:06 Notice: Notice (8): Undefined index:  created in [/var/www/household/app/controllers/main_controller.php, line 36]
2010-05-31 18:55:11 Notice: Notice (8): Undefined index:  created in [/var/www/household/app/controllers/main_controller.php, line 36]
2010-05-31 18:55:21 Notice: Notice (8): Undefined index:  created in [/var/www/household/app/controllers/main_controller.php, line 36]
2010-05-31 18:55:24 Notice: Notice (8): Undefined index:  created in [/var/www/household/app/controllers/main_controller.php, line 36]
2010-05-31 18:56:04 Notice: Notice (8): Undefined property: MainController::$paginator in [/var/www/household/app/controllers/main_controller.php, line 20]
2010-05-31 19:11:22 Notice: Notice (8): Undefined property: Record::$Category in [/var/www/household/app/controllers/records_controller.php, line 29]
2010-05-31 19:11:52 Notice: Notice (8): Undefined index:  Record in [/var/www/household/app/views/records/index.ctp, line 23]
2010-05-31 19:11:52 Notice: Notice (8): Undefined index:  Record in [/var/www/household/app/views/records/index.ctp, line 24]
2010-05-31 19:11:52 Notice: Notice (8): Undefined index:  Record in [/var/www/household/app/views/records/index.ctp, line 25]
2010-05-31 19:11:52 Notice: Notice (8): Undefined index:  Record in [/var/www/household/app/views/records/index.ctp, line 26]
2010-05-31 19:11:52 Notice: Notice (8): Undefined index:  Record in [/var/www/household/app/views/records/index.ctp, line 27]
2010-05-31 19:11:52 Notice: Notice (8): Undefined index:  Record in [/var/www/household/app/views/records/index.ctp, line 28]
2010-05-31 19:11:52 Notice: Notice (8): Undefined index:  Record in [/var/www/household/app/views/records/index.ctp, line 29]
2010-05-31 19:11:52 Notice: Notice (8): Undefined index:  Record in [/var/www/household/app/views/records/index.ctp, line 31]
2010-05-31 19:11:52 Notice: Notice (8): Undefined index:  Record in [/var/www/household/app/views/records/index.ctp, line 32]
2010-05-31 19:11:52 Notice: Notice (8): Undefined index:  Record in [/var/www/household/app/views/records/index.ctp, line 33]
2010-05-31 19:12:04 Notice: Notice (8): Undefined index:  Record in [/var/www/household/app/views/records/index.ctp, line 23]
2010-05-31 19:12:04 Notice: Notice (8): Undefined index:  Record in [/var/www/household/app/views/records/index.ctp, line 24]
2010-05-31 19:12:04 Notice: Notice (8): Undefined index:  Record in [/var/www/household/app/views/records/index.ctp, line 25]
2010-05-31 19:12:04 Notice: Notice (8): Undefined index:  Record in [/var/www/household/app/views/records/index.ctp, line 26]
2010-05-31 19:12:04 Notice: Notice (8): Undefined index:  Record in [/var/www/household/app/views/records/index.ctp, line 27]
2010-05-31 19:12:04 Notice: Notice (8): Undefined index:  Record in [/var/www/household/app/views/records/index.ctp, line 28]
2010-05-31 19:12:04 Notice: Notice (8): Undefined index:  Record in [/var/www/household/app/views/records/index.ctp, line 29]
2010-05-31 19:12:04 Notice: Notice (8): Undefined index:  Record in [/var/www/household/app/views/records/index.ctp, line 31]
2010-05-31 19:12:04 Notice: Notice (8): Undefined index:  Record in [/var/www/household/app/views/records/index.ctp, line 32]
2010-05-31 19:12:04 Notice: Notice (8): Undefined index:  Record in [/var/www/household/app/views/records/index.ctp, line 33]
2010-05-31 19:12:18 Notice: Notice (8): Undefined index:  Record in [/var/www/household/app/views/records/index.ctp, line 23]
2010-05-31 19:12:18 Notice: Notice (8): Undefined index:  Record in [/var/www/household/app/views/records/index.ctp, line 24]
2010-05-31 19:12:18 Notice: Notice (8): Undefined index:  Record in [/var/www/household/app/views/records/index.ctp, line 25]
2010-05-31 19:12:18 Notice: Notice (8): Undefined index:  Record in [/var/www/household/app/views/records/index.ctp, line 26]
2010-05-31 19:12:18 Notice: Notice (8): Undefined index:  Record in [/var/www/household/app/views/records/index.ctp, line 27]
2010-05-31 19:12:18 Notice: Notice (8): Undefined index:  Record in [/var/www/household/app/views/records/index.ctp, line 28]
2010-05-31 19:12:18 Notice: Notice (8): Undefined index:  Record in [/var/www/household/app/views/records/index.ctp, line 29]
2010-05-31 19:12:18 Notice: Notice (8): Undefined index:  Record in [/var/www/household/app/views/records/index.ctp, line 31]
2010-05-31 19:12:18 Notice: Notice (8): Undefined index:  Record in [/var/www/household/app/views/records/index.ctp, line 32]
2010-05-31 19:12:18 Notice: Notice (8): Undefined index:  Record in [/var/www/household/app/views/records/index.ctp, line 33]
2010-05-31 19:14:22 Notice: Notice (8): Undefined index:  Record in [/var/www/household/app/views/records/index.ctp, line 23]
2010-05-31 19:14:22 Notice: Notice (8): Undefined index:  Record in [/var/www/household/app/views/records/index.ctp, line 24]
2010-05-31 19:14:22 Notice: Notice (8): Undefined index:  Record in [/var/www/household/app/views/records/index.ctp, line 25]
2010-05-31 19:14:22 Notice: Notice (8): Undefined index:  Record in [/var/www/household/app/views/records/index.ctp, line 26]
2010-05-31 19:14:22 Notice: Notice (8): Undefined index:  Record in [/var/www/household/app/views/records/index.ctp, line 27]
2010-05-31 19:14:22 Notice: Notice (8): Undefined index:  Record in [/var/www/household/app/views/records/index.ctp, line 28]
2010-05-31 19:14:22 Notice: Notice (8): Undefined index:  Record in [/var/www/household/app/views/records/index.ctp, line 29]
2010-05-31 19:14:22 Notice: Notice (8): Undefined index:  Record in [/var/www/household/app/views/records/index.ctp, line 31]
2010-05-31 19:14:22 Notice: Notice (8): Undefined index:  Record in [/var/www/household/app/views/records/index.ctp, line 32]
2010-05-31 19:14:22 Notice: Notice (8): Undefined index:  Record in [/var/www/household/app/views/records/index.ctp, line 33]
2010-05-31 19:14:56 Notice: Notice (8): Undefined property: Record::$Category in [/var/www/household/app/controllers/records_controller.php, line 57]
2010-05-31 22:19:20 Notice: Notice (8): Undefined offset:  2 in [/var/www/household/app/views/graph/index.ctp, line 20]
2010-05-31 22:19:20 Notice: Notice (8): Undefined offset:  3 in [/var/www/household/app/views/graph/index.ctp, line 20]
2010-05-31 22:19:20 Notice: Notice (8): Undefined offset:  4 in [/var/www/household/app/views/graph/index.ctp, line 20]
2010-05-31 22:19:20 Notice: Notice (8): Undefined offset:  5 in [/var/www/household/app/views/graph/index.ctp, line 20]
2010-05-31 22:20:13 Notice: Notice (8): Array to string conversion in [/var/www/household/app/views/graph/index.ctp, line 27]
2010-05-31 22:20:30 Notice: Notice (8): Array to string conversion in [/var/www/household/app/views/graph/index.ctp, line 27]
2010-05-31 22:20:42 Notice: Notice (8): Array to string conversion in [/var/www/household/app/views/graph/index.ctp, line 27]
2010-05-31 22:20:58 Notice: Notice (8): Array to string conversion in [/var/www/household/app/views/graph/index.ctp, line 27]
2010-05-31 22:21:29 Notice: Notice (8): Array to string conversion in [/var/www/household/app/views/graph/index.ctp, line 29]
2010-05-31 22:21:48 Notice: Notice (8): Array to string conversion in [/var/www/household/app/views/graph/index.ctp, line 29]
2010-05-31 22:22:59 Notice: Notice (8): Undefined offset:  2 in [/usr/share/php/cake/libs/model/model.php, line 2185]
2010-05-31 22:22:59 Notice: Notice (8): Undefined offset:  2 in [/usr/share/php/cake/libs/model/model.php, line 2186]
2010-05-31 22:22:59 Notice: Notice (8): Array to string conversion in [/usr/share/php/cake/libs/model/datasources/dbo_source.php, line 1987]
2010-05-31 22:22:59 Notice: Notice (8): Array to string conversion in [/usr/share/php/cake/libs/model/datasources/dbo_source.php, line 1991]
2010-05-31 22:22:59 Notice: Notice (8): Array to string conversion in [/usr/share/php/cake/libs/model/datasources/dbo_source.php, line 1995]
2010-05-31 22:22:59 Notice: Notice (8): Array to string conversion in [/usr/share/php/cake/libs/model/datasources/dbo_source.php, line 1996]
2010-05-31 22:30:20 Notice: Notice (8): Array to string conversion in [/usr/share/php/cake/libs/model/datasources/dbo_source.php, line 1987]
2010-05-31 22:30:20 Notice: Notice (8): Array to string conversion in [/usr/share/php/cake/libs/model/datasources/dbo_source.php, line 1991]
2010-05-31 22:30:20 Notice: Notice (8): Array to string conversion in [/usr/share/php/cake/libs/model/datasources/dbo_source.php, line 1995]
2010-05-31 22:30:20 Notice: Notice (8): Array to string conversion in [/usr/share/php/cake/libs/model/datasources/dbo_source.php, line 1996]
2010-05-31 22:34:36 Notice: Notice (8): Array to string conversion in [/var/www/household/app/views/graph/index.ctp, line 29]
2010-05-31 22:44:00 Notice: Notice (8): Array to string conversion in [/var/www/household/app/views/graph/index.ctp, line 29]
2010-05-31 22:44:19 Notice: Notice (8): Array to string conversion in [/var/www/household/app/views/graph/index.ctp, line 29]
2010-05-31 23:06:42 Notice: Notice (8): Undefined variable: category_id in [/var/www/household/app/views/graph/index.ctp, line 20]
2010-07-01 16:04:11 Notice: Notice (8): Undefined variable: keywords in [/var/www/household/app/views/layouts/default.ctp, line 9]
2010-07-01 16:04:11 Notice: Notice (8): Undefined variable: description in [/var/www/household/app/views/layouts/default.ctp, line 10]
2010-07-01 16:04:11 Notice: Notice (8): Undefined variable: keywords in [/var/www/household/app/views/layouts/default.ctp, line 9]
2010-07-01 16:04:11 Notice: Notice (8): Undefined variable: description in [/var/www/household/app/views/layouts/default.ctp, line 10]
2010-07-01 16:41:47 Notice: Notice (8): Constant LOG_ERROR already defined in [/var/www/household/app/config/const.php, line 14]
2010-07-01 16:41:47 Notice: Notice (8): Undefined variable: keywords in [/var/www/household/app/views/layouts/default.ctp, line 9]
2010-07-01 16:41:47 Notice: Notice (8): Undefined variable: description in [/var/www/household/app/views/layouts/default.ctp, line 10]
2010-07-01 16:41:47 Notice: Notice (8): Constant LOG_ERROR already defined in [/var/www/household/app/config/const.php, line 14]
2010-07-01 16:41:47 Notice: Notice (8): Undefined variable: keywords in [/var/www/household/app/views/layouts/default.ctp, line 9]
2010-07-01 16:41:47 Notice: Notice (8): Undefined variable: description in [/var/www/household/app/views/layouts/default.ctp, line 10]
2010-07-01 16:42:29 Notice: Notice (8): Constant LOG_ERROR already defined in [/var/www/household/app/config/const.php, line 14]
2010-07-01 16:42:29 Notice: Notice (8): Undefined variable: keywords in [/var/www/household/app/views/layouts/default.ctp, line 9]
2010-07-01 16:42:29 Notice: Notice (8): Undefined variable: description in [/var/www/household/app/views/layouts/default.ctp, line 10]
2010-07-01 16:42:29 Notice: Notice (8): Constant LOG_ERROR already defined in [/var/www/household/app/config/const.php, line 14]
2010-07-01 16:42:29 Notice: Notice (8): Undefined variable: keywords in [/var/www/household/app/views/layouts/default.ctp, line 9]
2010-07-01 16:42:29 Notice: Notice (8): Undefined variable: description in [/var/www/household/app/views/layouts/default.ctp, line 10]
2010-07-01 16:44:46 Notice: Notice (8): Constant LOG_ERROR already defined in [/var/www/household/app/config/const.php, line 14]
2010-07-01 16:44:46 Notice: Notice (8): Constant LOG_ERROR already defined in [/var/www/household/app/config/const.php, line 14]
2010-07-01 16:45:39 Notice: Notice (8): Constant LOG_ERROR already defined in [/var/www/household/app/config/const.php, line 14]
2010-07-01 16:45:39 Notice: Notice (8): Constant LOG_ERROR already defined in [/var/www/household/app/config/const.php, line 14]
2010-07-01 16:45:41 Notice: Notice (8): Constant LOG_ERROR already defined in [/var/www/household/app/config/const.php, line 14]
2010-07-01 16:45:41 Notice: Notice (8): Constant LOG_ERROR already defined in [/var/www/household/app/config/const.php, line 14]
2010-07-01 16:45:46 Notice: Notice (8): Constant LOG_ERROR already defined in [/var/www/household/app/config/const.php, line 14]
2010-07-01 16:46:45 Notice: Notice (8): Constant LOG_ERROR already defined in [/var/www/household/app/config/const.php, line 14]
2010-07-01 16:47:06 Notice: Notice (8): Constant LOG_ERROR already defined in [/var/www/household/app/config/const.php, line 14]
2010-07-01 16:47:56 Notice: Notice (8): Constant LOG_ERROR already defined in [/var/www/household/app/config/core.php, line 299]
2010-07-01 16:47:57 Notice: Notice (8): Constant LOG_ERROR already defined in [/var/www/household/app/config/core.php, line 299]
2010-07-01 16:48:15 Notice: Notice (8): Constant LOG_ERROR already defined in [/var/www/household/app/config/core.php, line 299]
2010-07-01 16:48:26 Notice: Notice (8): Constant LOG_ERROR already defined in [/var/www/household/app/config/core.php, line 299]
2010-07-01 16:48:35 Notice: Notice (8): Constant LOG_ERROR already defined in [/var/www/household/app/config/core.php, line 299]
2010-07-01 16:48:48 Notice: Notice (8): Constant LOG_ERROR already defined in [/var/www/household/app/config/const.php, line 14]
2010-07-01 16:49:32 Notice: Notice (8): Constant LOG_ERROR already defined in [/var/www/household/app/config/const.php, line 16]
2010-07-01 16:49:56 Notice: Notice (8): Constant LOG_ERROR already defined in [/var/www/household/app/config/const.php, line 16]
2010-07-01 16:49:56 Notice: Notice (8): Constant LOG_ERROR already defined in [/var/www/household/app/config/const.php, line 16]
2010-07-01 16:50:05 Notice: Notice (8): Constant LOG_ERROR already defined in [/var/www/household/app/config/const.php, line 16]
2010-07-01 16:50:05 Notice: Notice (8): Constant LOG_ERROR already defined in [/var/www/household/app/config/const.php, line 16]
2010-07-01 16:50:34 Notice: Notice (8): Constant LOG_ERROR already defined in [/var/www/household/app/config/const.php, line 16]
2010-07-01 16:50:34 Notice: Notice (8): Constant LOG_ERROR already defined in [/var/www/household/app/config/const.php, line 16]
2010-07-01 16:50:38 Notice: Notice (8): Constant LOG_ERROR already defined in [/var/www/household/app/config/const.php, line 16]
2010-07-01 16:50:39 Notice: Notice (8): Constant LOG_ERROR already defined in [/var/www/household/app/config/const.php, line 16]
2010-07-01 16:50:52 Notice: Notice (8): Constant LOG_ERROR already defined in [/var/www/household/app/config/const.php, line 16]
2010-07-01 16:50:55 Notice: Notice (8): Constant LOG_ERROR already defined in [/var/www/household/app/config/const.php, line 16]
2010-07-01 16:50:55 Notice: Notice (8): Constant LOG_ERROR already defined in [/var/www/household/app/config/const.php, line 16]
2010-07-01 16:51:00 Notice: Notice (8): Constant LOG_ERROR already defined in [/var/www/household/app/config/const.php, line 16]
2010-07-01 16:51:00 Notice: Notice (8): Constant LOG_ERROR already defined in [/var/www/household/app/config/const.php, line 16]
2010-07-01 16:52:25 Notice: Notice (8): Constant LOG_ERROR already defined in [/var/www/household/app/config/const.php, line 16]
2010-07-01 16:52:25 Notice: Notice (8): Constant LOG_ERROR already defined in [/var/www/household/app/config/const.php, line 16]
2010-07-01 16:52:49 Notice: Notice (8): Constant LOG_ERROR already defined in [/var/www/household/app/config/const.php, line 16]
2010-07-01 16:52:50 Notice: Notice (8): Constant LOG_ERROR already defined in [/var/www/household/app/config/const.php, line 16]
2012-01-12 14:57:12 Notice: Notice (8): Constant LOG_ERROR already defined in [/var/www/household/app/config/const.php, line 16]
2012-01-12 14:57:13 Notice: Notice (8): Constant LOG_ERROR already defined in [/var/www/household/app/config/const.php, line 16]
2012-01-12 14:57:23 Notice: Notice (8): Constant LOG_ERROR already defined in [/var/www/household/app/config/const.php, line 16]
2012-01-12 14:57:23 Notice: Notice (8): Constant LOG_ERROR already defined in [/var/www/household/app/config/const.php, line 16]
2012-01-12 14:57:25 Notice: Notice (8): Constant LOG_ERROR already defined in [/var/www/household/app/config/const.php, line 16]
2012-01-12 14:57:25 Notice: Notice (8): Constant LOG_ERROR already defined in [/var/www/household/app/config/const.php, line 16]
2012-01-12 14:57:27 Notice: Notice (8): Constant LOG_ERROR already defined in [/var/www/household/app/config/const.php, line 16]
2012-01-12 14:57:27 Notice: Notice (8): Constant LOG_ERROR already defined in [/var/www/household/app/config/const.php, line 16]
2012-01-12 14:57:29 Notice: Notice (8): Constant LOG_ERROR already defined in [/var/www/household/app/config/const.php, line 16]
2012-01-12 14:57:29 Notice: Notice (8): Constant LOG_ERROR already defined in [/var/www/household/app/config/const.php, line 16]
2012-01-12 14:57:31 Notice: Notice (8): Constant LOG_ERROR already defined in [/var/www/household/app/config/const.php, line 16]
2012-01-12 14:57:32 Notice: Notice (8): Constant LOG_ERROR already defined in [/var/www/household/app/config/const.php, line 16]
2012-04-15 19:08:33 Notice: Notice (8): Constant LOG_ERROR already defined in [/var/www/household/app/config/const.php, line 16]
2012-04-15 19:08:34 Notice: Notice (8): Constant LOG_ERROR already defined in [/var/www/household/app/config/const.php, line 16]
2012-04-15 19:09:05 Notice: Notice (8): Constant LOG_ERROR already defined in [/var/www/household/app/config/const.php, line 16]
2012-04-15 19:09:06 Notice: Notice (8): Constant LOG_ERROR already defined in [/var/www/household/app/config/const.php, line 16]
2012-04-15 19:11:00 Notice: Notice (8): Constant LOG_ERROR already defined in [/var/www/household/app/config/const.php, line 16]
2012-04-15 19:11:00 Notice: Notice (8): Constant LOG_ERROR already defined in [/var/www/household/app/config/const.php, line 16]
2012-04-15 19:11:06 Notice: Notice (8): Constant LOG_ERROR already defined in [/var/www/household/app/config/const.php, line 16]
2012-04-15 19:11:07 Notice: Notice (8): Constant LOG_ERROR already defined in [/var/www/household/app/config/const.php, line 16]
2012-04-15 19:12:38 Notice: Notice (8): Constant LOG_ERROR already defined in [/var/www/household/app/config/const.php, line 16]
2012-04-15 19:12:38 Notice: Notice (8): Constant LOG_ERROR already defined in [/var/www/household/app/config/const.php, line 16]
2012-04-15 19:12:39 Notice: Notice (8): Constant LOG_ERROR already defined in [/var/www/household/app/config/const.php, line 16]
2012-04-15 19:12:39 Notice: Notice (8): Constant LOG_ERROR already defined in [/var/www/household/app/config/const.php, line 16]
2012-04-15 19:13:12 Notice: Notice (8): Constant LOG_ERROR already defined in [/var/www/household/app/config/const.php, line 16]
2012-04-15 19:13:12 Notice: Notice (8): Constant LOG_ERROR already defined in [/var/www/household/app/config/const.php, line 16]
2012-04-15 19:22:25 Notice: Notice (8): Constant LOG_ERROR already defined in [/var/www/household/app/config/const.php, line 16]
2012-04-15 19:22:25 Notice: Notice (8): Constant LOG_ERROR already defined in [/var/www/household/app/config/const.php, line 16]
2012-04-15 19:22:25 Notice: Notice (8): Constant LOG_ERROR already defined in [/var/www/household/app/config/const.php, line 16]
2012-04-15 19:22:30 Notice: Notice (8): Constant LOG_ERROR already defined in [/var/www/household/app/config/const.php, line 16]
2012-04-15 19:22:31 Notice: Notice (8): Constant LOG_ERROR already defined in [/var/www/household/app/config/const.php, line 16]
2012-04-15 19:22:31 Notice: Notice (8): Constant LOG_ERROR already defined in [/var/www/household/app/config/const.php, line 16]
2012-04-15 19:22:31 Notice: Notice (8): Constant LOG_ERROR already defined in [/var/www/household/app/config/const.php, line 16]
2012-04-15 19:22:31 Notice: Notice (8): Constant LOG_ERROR already defined in [/var/www/household/app/config/const.php, line 16]
2012-04-15 19:24:25 Notice: Notice (8): Constant LOG_ERROR already defined in [/var/www/household/app/config/const.php, line 16]
2012-04-15 19:24:25 Notice: Notice (8): Constant LOG_ERROR already defined in [/var/www/household/app/config/const.php, line 16]
2012-04-15 19:25:52 Notice: Notice (8): Constant LOG_ERROR already defined in [/var/www/household/app/config/const.php, line 16]
2012-04-15 19:25:53 Notice: Notice (8): Constant LOG_ERROR already defined in [/var/www/household/app/config/const.php, line 16]
2012-04-15 19:26:01 Notice: Notice (8): Constant LOG_ERROR already defined in [/var/www/household/app/config/const.php, line 16]
2012-04-15 19:26:02 Notice: Notice (8): Constant LOG_ERROR already defined in [/var/www/household/app/config/const.php, line 16]
2012-04-15 19:26:26 Notice: Notice (8): Constant LOG_ERROR already defined in [/var/www/household/app/config/const.php, line 16]
2012-04-15 19:26:26 Notice: Notice (8): Constant LOG_ERROR already defined in [/var/www/household/app/config/const.php, line 16]
2012-04-15 19:27:10 Notice: Notice (8): Constant LOG_ERROR already defined in [/var/www/household/app/config/const.php, line 16]
2012-04-15 19:27:10 Notice: Notice (8): Constant LOG_ERROR already defined in [/var/www/household/app/config/const.php, line 16]
2012-04-15 19:35:13 Notice: Notice (8): Constant LOG_ERROR already defined in [/var/www/household/app/config/const.php, line 16]
2012-04-15 19:35:13 Notice: Notice (8): Constant LOG_ERROR already defined in [/var/www/household/app/config/const.php, line 16]
2012-04-15 19:35:20 Notice: Notice (8): Constant LOG_ERROR already defined in [/var/www/household/app/config/const.php, line 16]
2012-04-15 19:35:20 Notice: Notice (8): Constant LOG_ERROR already defined in [/var/www/household/app/config/const.php, line 16]
2012-04-15 19:35:25 Notice: Notice (8): Constant LOG_ERROR already defined in [/var/www/household/app/config/const.php, line 16]
2012-04-15 19:35:27 Notice: Notice (8): Constant LOG_ERROR already defined in [/var/www/household/app/config/const.php, line 16]
2012-04-15 19:39:22 Notice: Notice (8): Constant LOG_ERROR already defined in [/var/www/household/app/config/const.php, line 16]
2012-04-15 19:39:22 Notice: Notice (8): Constant LOG_ERROR already defined in [/var/www/household/app/config/const.php, line 16]
2012-04-15 19:39:40 Notice: Notice (8): Constant LOG_ERROR already defined in [/var/www/household/app/config/const.php, line 16]
2012-04-15 19:39:40 Notice: Notice (8): Constant LOG_ERROR already defined in [/var/www/household/app/config/const.php, line 16]
2012-04-15 19:40:07 Notice: Notice (8): Constant LOG_ERROR already defined in [/var/www/household/app/config/const.php, line 16]
2012-04-15 19:40:07 Notice: Notice (8): Constant LOG_ERROR already defined in [/var/www/household/app/config/const.php, line 16]
2012-04-15 19:40:18 Notice: Notice (8): Constant LOG_ERROR already defined in [/var/www/household/app/config/const.php, line 16]
2012-04-15 19:40:19 Notice: Notice (8): Constant LOG_ERROR already defined in [/var/www/household/app/config/const.php, line 16]
2012-04-15 19:40:26 Notice: Notice (8): Constant LOG_ERROR already defined in [/var/www/household/app/config/const.php, line 16]
2012-04-15 19:40:26 Notice: Notice (8): Constant LOG_ERROR already defined in [/var/www/household/app/config/const.php, line 16]
2012-04-15 19:40:30 Notice: Notice (8): Constant LOG_ERROR already defined in [/var/www/household/app/config/const.php, line 16]
2012-04-15 19:40:30 Notice: Notice (8): Constant LOG_ERROR already defined in [/var/www/household/app/config/const.php, line 16]
2012-04-15 19:40:52 Notice: Notice (8): Constant LOG_ERROR already defined in [/var/www/household/app/config/const.php, line 16]
2012-04-15 19:40:52 Notice: Notice (8): Constant LOG_ERROR already defined in [/var/www/household/app/config/const.php, line 16]
2012-04-15 19:41:25 Notice: Notice (8): Constant LOG_ERROR already defined in [/var/www/household/app/config/const.php, line 16]
2012-04-15 19:41:25 Notice: Notice (8): Constant LOG_ERROR already defined in [/var/www/household/app/config/const.php, line 16]
2012-04-15 19:41:32 Notice: Notice (8): Constant LOG_ERROR already defined in [/var/www/household/app/config/const.php, line 16]
2012-04-15 19:41:32 Notice: Notice (8): Constant LOG_ERROR already defined in [/var/www/household/app/config/const.php, line 16]
2012-04-15 19:41:42 Notice: Notice (8): Constant LOG_ERROR already defined in [/var/www/household/app/config/const.php, line 16]
2012-04-15 19:41:42 Notice: Notice (8): Constant LOG_ERROR already defined in [/var/www/household/app/config/const.php, line 16]
2012-04-15 19:41:48 Notice: Notice (8): Constant LOG_ERROR already defined in [/var/www/household/app/config/const.php, line 16]
2012-04-15 19:41:48 Notice: Notice (8): Constant LOG_ERROR already defined in [/var/www/household/app/config/const.php, line 16]
2012-04-15 19:44:21 Notice: Notice (8): Constant LOG_ERROR already defined in [/var/www/household/app/config/const.php, line 16]
2012-04-15 19:44:21 Notice: Notice (8): Constant LOG_ERROR already defined in [/var/www/household/app/config/const.php, line 16]
2012-04-15 19:44:27 Notice: Notice (8): Constant LOG_ERROR already defined in [/var/www/household/app/config/const.php, line 16]
2012-04-15 19:44:28 Notice: Notice (8): Constant LOG_ERROR already defined in [/var/www/household/app/config/const.php, line 16]
2012-04-15 19:44:44 Notice: Notice (8): Constant LOG_ERROR already defined in [/var/www/household/app/config/const.php, line 16]
2012-04-15 19:44:55 Notice: Notice (8): Constant LOG_ERROR already defined in [/var/www/household/app/config/const.php, line 16]
2012-04-15 19:45:05 Notice: Notice (8): Constant LOG_ERROR already defined in [/var/www/household/app/config/const.php, line 16]
2012-04-15 19:45:30 Notice: Notice (8): Constant LOG_ERROR already defined in [/var/www/household/app/config/const.php, line 16]
2012-04-15 19:46:57 Notice: Notice (8): Constant LOG_ERROR already defined in [/var/www/household/app/config/const.php, line 16]
2012-04-15 19:57:31 Notice: Notice (8): Constant LOG_ERROR already defined in [/var/www/household/app/config/const.php, line 16]
2012-04-15 19:57:41 Notice: Notice (8): Constant LOG_ERROR already defined in [/var/www/household/app/config/const.php, line 16]
2012-04-15 19:57:42 Notice: Notice (8): Constant LOG_ERROR already defined in [/var/www/household/app/config/const.php, line 16]
2012-04-15 19:57:51 Notice: Notice (8): Constant LOG_ERROR already defined in [/var/www/household/app/config/const.php, line 16]
2012-04-15 19:58:01 Notice: Notice (8): Constant LOG_ERROR already defined in [/var/www/household/app/config/const.php, line 16]
2012-04-15 19:58:13 Notice: Notice (8): Constant LOG_ERROR already defined in [/var/www/household/app/config/const.php, line 16]
2012-04-15 20:02:16 Notice: Notice (8): Constant LOG_ERROR already defined in [/var/www/household/app/config/const.php, line 16]
2012-04-15 20:02:18 Notice: Notice (8): Constant LOG_ERROR already defined in [/var/www/household/app/config/const.php, line 16]
2012-04-15 20:52:17 Notice: Notice (8): Constant LOG_ERROR already defined in [/var/www/household/app/config/const.php, line 16]
2012-04-15 20:52:17 Notice: Notice (8): Constant DB_HOST already defined in [/var/www/household/app/config/database.php, line 2]
2012-04-15 20:52:17 Notice: Notice (8): Constant DB_LOGIN already defined in [/var/www/household/app/config/database.php, line 3]
2012-04-15 20:52:17 Notice: Notice (8): Constant DB_PASSWORD already defined in [/var/www/household/app/config/database.php, line 4]
2012-04-15 20:52:17 Notice: Notice (8): Constant DB_NAME already defined in [/var/www/household/app/config/database.php, line 5]
2012-04-15 20:52:17 Notice: Notice (8): Constant VIEW_CACHE_TIME already defined in [/var/www/household/app/config/database.php, line 6]
2012-04-15 20:52:17 Notice: Notice (8): Constant LOG_ERROR already defined in [/var/www/household/app/config/database.php, line 7]
2012-04-15 20:52:28 Notice: Notice (8): Constant LOG_ERROR already defined in [/var/www/household/app/config/const.php, line 16]
2012-04-15 20:54:47 Notice: Notice (8): Constant LOG_ERROR already defined in [/var/www/household/app/config/const.php, line 16]
2012-04-15 20:54:59 Notice: Notice (8): Constant LOG_ERROR already defined in [/var/www/household/app/config/const.php, line 16]
2012-04-15 20:59:07 Notice: Notice (8): Constant LOG_ERROR already defined in [/var/www/household/app/config/const.php, line 16]
2012-04-15 21:01:24 Notice: Notice (8): Constant LOG_ERROR already defined in [/var/www/household/app/config/const.php, line 16]
2012-04-15 21:01:35 Notice: Notice (8): Constant LOG_ERROR already defined in [/var/www/household/app/config/const.php, line 16]
2012-04-15 21:01:51 Notice: Notice (8): Constant LOG_ERROR already defined in [/var/www/household/app/config/const.php, line 16]
2012-04-15 21:03:11 Notice: Notice (8): Constant LOG_ERROR already defined in [/var/www/household/app/config/const.php, line 16]
2012-04-15 21:03:16 Notice: Notice (8): Constant LOG_ERROR already defined in [/var/www/household/app/config/const.php, line 16]
2012-04-15 21:03:31 Notice: Notice (8): Constant LOG_ERROR already defined in [/var/www/household/app/config/const.php, line 16]
2012-04-15 21:03:51 Notice: Notice (8): Constant LOG_ERROR already defined in [/var/www/household/app/config/const.php, line 16]
2012-04-15 21:04:01 Notice: Notice (8): Constant LOG_ERROR already defined in [/var/www/household/app/config/const.php, line 16]
2012-04-15 21:04:05 Notice: Notice (8): Constant LOG_ERROR already defined in [/var/www/household/app/config/const.php, line 16]
2012-04-15 21:04:12 Notice: Notice (8): Constant LOG_ERROR already defined in [/var/www/household/app/config/const.php, line 16]
2012-04-15 21:04:12 Notice: Notice (8): Constant LOG_ERROR already defined in [/var/www/household/app/config/const.php, line 16]
2012-04-15 21:04:18 Notice: Notice (8): Constant LOG_ERROR already defined in [/var/www/household/app/config/const.php, line 16]
2012-04-15 21:04:18 Notice: Notice (8): Constant LOG_ERROR already defined in [/var/www/household/app/config/const.php, line 16]
2012-04-15 21:04:22 Notice: Notice (8): Constant LOG_ERROR already defined in [/var/www/household/app/config/const.php, line 16]
2012-04-15 21:04:23 Notice: Notice (8): Constant LOG_ERROR already defined in [/var/www/household/app/config/const.php, line 16]
2012-04-15 21:04:26 Notice: Notice (8): Constant LOG_ERROR already defined in [/var/www/household/app/config/const.php, line 16]
2012-04-15 21:04:26 Notice: Notice (8): Constant LOG_ERROR already defined in [/var/www/household/app/config/const.php, line 16]
2012-04-15 21:04:33 Notice: Notice (8): Constant LOG_ERROR already defined in [/var/www/household/app/config/const.php, line 16]
2012-04-15 21:04:33 Notice: Notice (8): Constant LOG_ERROR already defined in [/var/www/household/app/config/const.php, line 16]
2012-04-15 21:04:37 Notice: Notice (8): Constant LOG_ERROR already defined in [/var/www/household/app/config/const.php, line 16]
2012-04-15 21:04:37 Notice: Notice (8): Constant LOG_ERROR already defined in [/var/www/household/app/config/const.php, line 16]
2012-04-15 21:04:44 Notice: Notice (8): Constant LOG_ERROR already defined in [/var/www/household/app/config/const.php, line 16]
2012-04-15 21:04:44 Notice: Notice (8): Constant LOG_ERROR already defined in [/var/www/household/app/config/const.php, line 16]
2012-04-15 21:04:48 Notice: Notice (8): Constant LOG_ERROR already defined in [/var/www/household/app/config/const.php, line 16]
2012-04-15 21:04:48 Notice: Notice (8): Constant LOG_ERROR already defined in [/var/www/household/app/config/const.php, line 16]
2012-04-15 21:05:07 Notice: Notice (8): Constant LOG_ERROR already defined in [/var/www/household/app/config/const.php, line 16]
2012-04-15 21:05:35 Notice: Notice (8): Constant LOG_ERROR already defined in [/var/www/household/app/config/const.php, line 16]
2012-04-15 21:05:35 Notice: Notice (8): Undefined index:  MasterCategory in [/var/www/household/app/views/main/index.ctp, line 39]
2012-04-15 21:07:33 Notice: Notice (8): Constant LOG_ERROR already defined in [/var/www/household/app/config/const.php, line 16]
2012-04-15 21:07:33 Notice: Notice (8): Undefined index:  MasterCategory in [/var/www/household/app/views/main/index.ctp, line 39]
2012-04-15 21:07:50 Notice: Notice (8): Constant LOG_ERROR already defined in [/var/www/household/app/config/const.php, line 16]
2012-04-15 21:07:50 Notice: Notice (8): Undefined index:  MasterCategory in [/var/www/household/app/views/main/index.ctp, line 39]
2012-04-15 21:08:10 Notice: Notice (8): Constant LOG_ERROR already defined in [/var/www/household/app/config/const.php, line 16]
2012-04-15 21:08:10 Notice: Notice (8): Undefined index:  MasterCategory in [/var/www/household/app/views/main/index.ctp, line 39]
2012-04-15 21:08:24 Notice: Notice (8): Constant LOG_ERROR already defined in [/var/www/household/app/config/const.php, line 16]
2012-04-15 21:08:24 Notice: Notice (8): Undefined index:  MasterCategory in [/var/www/household/app/views/main/index.ctp, line 39]
2012-04-15 21:09:00 Notice: Notice (8): Constant LOG_ERROR already defined in [/var/www/household/app/config/const.php, line 16]
2012-04-15 21:09:09 Notice: Notice (8): Constant LOG_ERROR already defined in [/var/www/household/app/config/const.php, line 16]
2012-04-15 21:09:12 Notice: Notice (8): Constant LOG_ERROR already defined in [/var/www/household/app/config/const.php, line 16]
2012-04-15 21:09:28 Notice: Notice (8): Constant LOG_ERROR already defined in [/var/www/household/app/config/const.php, line 16]
2012-04-15 21:09:28 Notice: Notice (8): Constant LOG_ERROR already defined in [/var/www/household/app/config/const.php, line 16]
2012-04-15 21:09:34 Notice: Notice (8): Constant LOG_ERROR already defined in [/var/www/household/app/config/const.php, line 16]
2012-04-15 21:09:34 Notice: Notice (8): Constant LOG_ERROR already defined in [/var/www/household/app/config/const.php, line 16]
2012-04-15 21:09:42 Notice: Notice (8): Constant LOG_ERROR already defined in [/var/www/household/app/config/const.php, line 16]
2012-04-15 21:09:42 Notice: Notice (8): Constant LOG_ERROR already defined in [/var/www/household/app/config/const.php, line 16]
2012-04-15 21:09:50 Notice: Notice (8): Constant LOG_ERROR already defined in [/var/www/household/app/config/const.php, line 16]
2012-04-15 21:09:50 Notice: Notice (8): Constant LOG_ERROR already defined in [/var/www/household/app/config/const.php, line 16]
2012-04-15 21:09:59 Notice: Notice (8): Constant LOG_ERROR already defined in [/var/www/household/app/config/const.php, line 16]
2012-04-15 21:09:59 Notice: Notice (8): Constant LOG_ERROR already defined in [/var/www/household/app/config/const.php, line 16]
2012-04-15 21:10:07 Notice: Notice (8): Constant LOG_ERROR already defined in [/var/www/household/app/config/const.php, line 16]
2012-04-15 21:10:07 Notice: Notice (8): Constant LOG_ERROR already defined in [/var/www/household/app/config/const.php, line 16]
2012-04-15 21:10:12 Notice: Notice (8): Constant LOG_ERROR already defined in [/var/www/household/app/config/const.php, line 16]
2012-04-15 21:10:12 Notice: Notice (8): Constant LOG_ERROR already defined in [/var/www/household/app/config/const.php, line 16]
2012-04-15 21:10:17 Notice: Notice (8): Constant LOG_ERROR already defined in [/var/www/household/app/config/const.php, line 16]
2012-04-15 21:10:17 Notice: Notice (8): Constant LOG_ERROR already defined in [/var/www/household/app/config/const.php, line 16]
2012-04-15 21:10:30 Notice: Notice (8): Constant LOG_ERROR already defined in [/var/www/household/app/config/const.php, line 16]
2012-04-15 21:10:30 Notice: Notice (8): Constant LOG_ERROR already defined in [/var/www/household/app/config/const.php, line 16]
2012-04-15 21:10:34 Notice: Notice (8): Constant LOG_ERROR already defined in [/var/www/household/app/config/const.php, line 16]
2012-04-15 21:10:34 Notice: Notice (8): Constant LOG_ERROR already defined in [/var/www/household/app/config/const.php, line 16]
2012-04-15 21:11:40 Notice: Notice (8): Constant LOG_ERROR already defined in [/var/www/household/app/config/const.php, line 16]
2012-04-15 21:12:52 Notice: Notice (8): Constant LOG_ERROR already defined in [/var/www/household/app/config/const.php, line 16]
2012-04-15 21:13:03 Notice: Notice (8): Constant LOG_ERROR already defined in [/var/www/household/app/config/const.php, line 16]
2012-04-15 21:13:14 Notice: Notice (8): Constant LOG_ERROR already defined in [/var/www/household/app/config/const.php, line 16]
2012-04-15 21:13:19 Notice: Notice (8): Constant LOG_ERROR already defined in [/var/www/household/app/config/const.php, line 16]
2012-04-15 21:13:23 Notice: Notice (8): Constant LOG_ERROR already defined in [/var/www/household/app/config/const.php, line 16]
2012-04-15 21:15:37 Notice: Notice (8): Constant LOG_ERROR already defined in [/var/www/household/app/config/const.php, line 16]
2012-04-15 21:15:40 Notice: Notice (8): Constant LOG_ERROR already defined in [/var/www/household/app/config/const.php, line 16]
2012-04-15 21:15:55 Notice: Notice (8): Constant LOG_ERROR already defined in [/var/www/household/app/config/const.php, line 16]
2012-04-15 21:16:16 Notice: Notice (8): Constant LOG_ERROR already defined in [/var/www/household/app/config/const.php, line 16]
2012-04-15 21:16:16 Notice: Notice (8): Constant LOG_ERROR already defined in [/var/www/household/app/config/const.php, line 16]
2012-04-15 21:16:35 Notice: Notice (8): Constant LOG_ERROR already defined in [/var/www/household/app/config/const.php, line 16]
2012-04-15 21:16:40 Notice: Notice (8): Constant LOG_ERROR already defined in [/var/www/household/app/config/const.php, line 16]
2012-04-15 21:16:44 Notice: Notice (8): Constant LOG_ERROR already defined in [/var/www/household/app/config/const.php, line 16]
2012-04-15 21:16:44 Notice: Notice (8): Constant LOG_ERROR already defined in [/var/www/household/app/config/const.php, line 16]
2012-04-15 21:16:47 Notice: Notice (8): Constant LOG_ERROR already defined in [/var/www/household/app/config/const.php, line 16]
2012-04-15 21:16:49 Notice: Notice (8): Constant LOG_ERROR already defined in [/var/www/household/app/config/const.php, line 16]
2012-04-15 21:16:49 Notice: Notice (8): Constant LOG_ERROR already defined in [/var/www/household/app/config/const.php, line 16]
2012-04-15 21:16:50 Notice: Notice (8): Constant LOG_ERROR already defined in [/var/www/household/app/config/const.php, line 16]
2012-04-15 21:16:51 Notice: Notice (8): Constant LOG_ERROR already defined in [/var/www/household/app/config/const.php, line 16]
2012-04-15 21:18:42 Notice: Notice (8): Constant LOG_ERROR already defined in [/var/www/household/app/config/const.php, line 16]
2012-04-15 21:18:42 Notice: Notice (8): Constant DB_HOST already defined in [/var/www/household/app/config/database.php, line 3]
2012-04-15 21:18:42 Notice: Notice (8): Constant DB_LOGIN already defined in [/var/www/household/app/config/database.php, line 4]
2012-04-15 21:18:42 Notice: Notice (8): Constant DB_PASSWORD already defined in [/var/www/household/app/config/database.php, line 5]
2012-04-15 21:18:42 Notice: Notice (8): Constant DB_NAME already defined in [/var/www/household/app/config/database.php, line 6]
2012-04-15 21:18:42 Notice: Notice (8): Constant VIEW_CACHE_TIME already defined in [/var/www/household/app/config/database.php, line 7]
2012-04-15 21:18:42 Notice: Notice (8): Constant LOG_ERROR already defined in [/var/www/household/app/config/database.php, line 8]
2012-04-15 21:18:46 Notice: Notice (8): Constant LOG_ERROR already defined in [/var/www/household/app/config/const.php, line 16]
2012-04-15 21:18:49 Notice: Notice (8): Constant LOG_ERROR already defined in [/var/www/household/app/config/const.php, line 16]
2012-04-15 21:18:51 Notice: Notice (8): Constant LOG_ERROR already defined in [/var/www/household/app/config/const.php, line 16]
2012-04-15 21:18:58 Notice: Notice (8): Constant LOG_ERROR already defined in [/var/www/household/app/config/const.php, line 16]
2012-04-15 21:19:12 Notice: Notice (8): Constant LOG_ERROR already defined in [/var/www/household/app/config/const.php, line 16]
2012-04-15 21:21:49 Notice: Notice (8): Constant LOG_ERROR already defined in [/var/www/household/app/config/const.php, line 16]
2012-04-15 21:22:43 Notice: Notice (8): Constant LOG_ERROR already defined in [/var/www/household/app/config/const.php, line 16]
2012-04-15 21:23:04 Notice: Notice (8): Constant LOG_ERROR already defined in [/var/www/household/app/config/const.php, line 16]
2012-04-15 21:23:17 Notice: Notice (8): Constant LOG_ERROR already defined in [/var/www/household/app/config/const.php, line 16]
2012-04-15 21:23:44 Notice: Notice (8): Constant LOG_ERROR already defined in [/var/www/household/app/config/const.php, line 16]
2012-04-15 21:23:53 Notice: Notice (8): Constant LOG_ERROR already defined in [/var/www/household/app/config/const.php, line 16]
2012-04-15 21:25:09 Notice: Notice (8): Constant LOG_ERROR already defined in [/var/www/household/app/config/const.php, line 16]
2012-04-15 21:25:09 Notice: Notice (8): Undefined property: View::$pageTitle in [/var/www/household/app/views/layouts/default.ctp, line 9]
2012-04-15 21:25:15 Notice: Notice (8): Constant LOG_ERROR already defined in [/var/www/household/app/config/const.php, line 16]
2012-04-15 21:25:18 Notice: Notice (8): Constant LOG_ERROR already defined in [/var/www/household/app/config/const.php, line 16]
2012-04-15 21:25:26 Notice: Notice (8): Constant LOG_ERROR already defined in [/var/www/household/app/config/const.php, line 16]
2012-04-15 21:25:26 Notice: Notice (8): Undefined variable: pageTitle in [/var/www/household/app/views/layouts/default.ctp, line 9]
2012-04-15 21:27:21 Notice: Notice (8): Constant LOG_ERROR already defined in [/var/www/household/app/config/const.php, line 16]
2012-04-15 21:27:21 Notice: Notice (8): Undefined property: RecordsController::$pageTitle in [/var/www/household/app/app_controller.php, line 51]
2012-04-15 21:28:30 Notice: Notice (8): Constant LOG_ERROR already defined in [/var/www/household/app/config/const.php, line 16]
2012-04-15 21:28:42 Notice: Notice (8): Constant LOG_ERROR already defined in [/var/www/household/app/config/const.php, line 16]
2012-04-15 21:28:46 Notice: Notice (8): Constant LOG_ERROR already defined in [/var/www/household/app/config/const.php, line 16]
2012-04-15 21:29:21 Notice: Notice (8): Constant LOG_ERROR already defined in [/var/www/household/app/config/const.php, line 16]
2012-04-15 21:30:03 Notice: Notice (8): Constant LOG_ERROR already defined in [/var/www/household/app/config/const.php, line 16]
2012-04-15 21:30:08 Notice: Notice (8): Constant LOG_ERROR already defined in [/var/www/household/app/config/const.php, line 16]
2012-04-15 21:30:20 Notice: Notice (8): Constant LOG_ERROR already defined in [/var/www/household/app/config/const.php, line 16]
2012-04-15 21:30:27 Notice: Notice (8): Constant LOG_ERROR already defined in [/var/www/household/app/config/const.php, line 16]
2012-04-15 21:30:32 Notice: Notice (8): Constant LOG_ERROR already defined in [/var/www/household/app/config/const.php, line 16]
2012-04-15 21:30:35 Notice: Notice (8): Constant LOG_ERROR already defined in [/var/www/household/app/config/const.php, line 16]
2012-04-15 21:30:44 Notice: Notice (8): Constant LOG_ERROR already defined in [/var/www/household/app/config/const.php, line 16]
2012-04-15 21:30:59 Notice: Notice (8): Constant LOG_ERROR already defined in [/var/www/household/app/config/const.php, line 16]
2012-04-15 21:31:00 Notice: Notice (8): Constant LOG_ERROR already defined in [/var/www/household/app/config/const.php, line 16]
2012-04-15 21:33:10 Notice: Notice (8): Constant LOG_ERROR already defined in [/var/www/household/app/config/const.php, line 16]
2012-04-15 21:33:53 Notice: Notice (8): Constant LOG_ERROR already defined in [/var/www/household/app/config/const.php, line 16]
2012-04-15 21:33:53 Notice: Notice (8): Constant LOG_ERROR already defined in [/var/www/household/app/config/const.php, line 16]
2012-04-15 21:39:00 Notice: Notice (8): Constant LOG_ERROR already defined in [/var/www/household/app/config/const.php, line 16]
2012-04-15 21:49:45 Notice: Notice (8): Constant LOG_ERROR already defined in [/var/www/household/app/config/const.php, line 16]
2012-04-15 21:49:45 Notice: Notice (8): Undefined variable: vouncer_list in [/var/www/household/app/views/records/add.ctp, line 24]
2012-04-15 21:49:45 Notice: Notice (8): Undefined variable: master_category_list in [/var/www/household/app/views/records/add.ctp, line 40]
2012-04-15 21:49:45 Notice: Notice (8): Undefined variable: info_category_list in [/var/www/household/app/views/records/add.ctp, line 48]
2012-04-15 21:50:01 Notice: Notice (8): Constant LOG_ERROR already defined in [/var/www/household/app/config/const.php, line 16]
2012-04-15 21:50:01 Notice: Notice (8): Undefined variable: vouncer_list in [/var/www/household/app/views/records/add.ctp, line 24]
2012-04-15 21:50:01 Notice: Notice (8): Undefined variable: master_category_list in [/var/www/household/app/views/records/add.ctp, line 40]
2012-04-15 21:50:01 Notice: Notice (8): Undefined variable: info_category_list in [/var/www/household/app/views/records/add.ctp, line 48]
2012-04-15 21:50:24 Notice: Notice (8): Constant LOG_ERROR already defined in [/var/www/household/app/config/const.php, line 16]
2012-04-15 21:50:24 Notice: Notice (8): Undefined variable: vouncer_list in [/var/www/household/app/views/records/add.ctp, line 24]
2012-04-15 21:50:24 Notice: Notice (8): Undefined variable: master_category_list in [/var/www/household/app/views/records/add.ctp, line 40]
2012-04-15 21:50:24 Notice: Notice (8): Undefined variable: info_category_list in [/var/www/household/app/views/records/add.ctp, line 48]
2012-04-15 21:52:32 Notice: Notice (8): Constant LOG_ERROR already defined in [/var/www/household/app/config/const.php, line 16]
2012-04-15 21:52:32 Notice: Notice (8): Undefined variable: vouncer_list in [/var/www/household/app/views/records/add.ctp, line 24]
2012-04-15 21:52:32 Notice: Notice (8): Undefined variable: master_category_list in [/var/www/household/app/views/records/add.ctp, line 40]
2012-04-15 21:52:32 Notice: Notice (8): Undefined variable: info_category_list in [/var/www/household/app/views/records/add.ctp, line 48]
2012-04-15 21:52:43 Notice: Notice (8): Constant LOG_ERROR already defined in [/var/www/household/app/config/const.php, line 16]
2012-04-15 21:52:43 Notice: Notice (8): Undefined variable: vouncer_list in [/var/www/household/app/views/records/add.ctp, line 24]
2012-04-15 21:52:43 Notice: Notice (8): Undefined variable: master_category_list in [/var/www/household/app/views/records/add.ctp, line 40]
2012-04-15 21:52:43 Notice: Notice (8): Undefined variable: info_category_list in [/var/www/household/app/views/records/add.ctp, line 48]
2012-04-15 21:52:47 Notice: Notice (8): Constant LOG_ERROR already defined in [/var/www/household/app/config/const.php, line 16]
2012-04-15 21:52:47 Notice: Notice (8): Undefined variable: vouncer_list in [/var/www/household/app/views/records/add.ctp, line 24]
2012-04-15 21:52:47 Notice: Notice (8): Undefined variable: master_category_list in [/var/www/household/app/views/records/add.ctp, line 40]
2012-04-15 21:52:47 Notice: Notice (8): Undefined variable: info_category_list in [/var/www/household/app/views/records/add.ctp, line 48]
2012-04-15 21:52:54 Notice: Notice (8): Constant LOG_ERROR already defined in [/var/www/household/app/config/const.php, line 16]
2012-04-15 21:52:54 Notice: Notice (8): Constant LOG_ERROR already defined in [/var/www/household/app/config/const.php, line 16]
2012-04-15 21:54:19 Notice: Notice (8): Constant LOG_ERROR already defined in [/var/www/household/app/config/const.php, line 16]
2012-04-15 21:54:38 Notice: Notice (8): Constant LOG_ERROR already defined in [/var/www/household/app/config/const.php, line 16]
2012-04-15 21:54:38 Notice: Notice (8): Undefined variable: vouncer_list in [/var/www/household/app/views/records/add.ctp, line 26]
2012-04-15 21:54:38 Notice: Notice (8): Undefined variable: master_category_list in [/var/www/household/app/views/records/add.ctp, line 42]
2012-04-15 21:54:38 Notice: Notice (8): Undefined variable: info_category_list in [/var/www/household/app/views/records/add.ctp, line 50]
2012-04-15 21:55:09 Notice: Notice (8): Constant LOG_ERROR already defined in [/var/www/household/app/config/const.php, line 16]
2012-04-15 21:55:09 Notice: Notice (8): Undefined variable: master_category_list in [/var/www/household/app/views/records/add.ctp, line 40]
2012-04-15 21:55:09 Notice: Notice (8): Undefined variable: info_category_list in [/var/www/household/app/views/records/add.ctp, line 48]
2012-04-15 21:55:33 Notice: Notice (8): Constant LOG_ERROR already defined in [/var/www/household/app/config/const.php, line 16]
2012-04-15 21:55:33 Notice: Notice (8): Undefined variable: master_categories in [/var/www/household/app/views/records/add.ctp, line 40]
2012-04-15 21:55:33 Notice: Notice (8): Undefined variable: info_categories in [/var/www/household/app/views/records/add.ctp, line 48]
2012-04-15 21:55:34 Notice: Notice (8): Constant LOG_ERROR already defined in [/var/www/household/app/config/const.php, line 16]
2012-04-15 21:55:35 Notice: Notice (8): Undefined variable: master_categories in [/var/www/household/app/views/records/add.ctp, line 40]
2012-04-15 21:55:35 Notice: Notice (8): Undefined variable: info_categories in [/var/www/household/app/views/records/add.ctp, line 48]
2012-04-15 21:55:46 Notice: Notice (8): Constant LOG_ERROR already defined in [/var/www/household/app/config/const.php, line 16]
2012-04-15 21:55:59 Notice: Notice (8): Constant LOG_ERROR already defined in [/var/www/household/app/config/const.php, line 16]
2012-04-15 21:58:26 Notice: Notice (8): Constant LOG_ERROR already defined in [/var/www/household/app/config/const.php, line 16]
2012-04-15 21:58:45 Notice: Notice (8): Constant LOG_ERROR already defined in [/var/www/household/app/config/const.php, line 16]
2012-04-15 21:58:46 Notice: Notice (8): Constant LOG_ERROR already defined in [/var/www/household/app/config/const.php, line 16]
2012-04-15 21:58:54 Notice: Notice (8): Constant LOG_ERROR already defined in [/var/www/household/app/config/const.php, line 16]
2012-04-15 21:59:23 Notice: Notice (8): Constant LOG_ERROR already defined in [/var/www/household/app/config/const.php, line 16]
2012-04-15 21:59:30 Notice: Notice (8): Constant LOG_ERROR already defined in [/var/www/household/app/config/const.php, line 16]
2012-04-15 22:00:09 Notice: Notice (8): Constant LOG_ERROR already defined in [/var/www/household/app/config/const.php, line 16]
2012-04-15 22:00:30 Notice: Notice (8): Constant LOG_ERROR already defined in [/var/www/household/app/config/const.php, line 16]
2012-04-15 22:00:31 Notice: Notice (8): Constant LOG_ERROR already defined in [/var/www/household/app/config/const.php, line 16]
2012-04-15 22:00:53 Notice: Notice (8): Constant LOG_ERROR already defined in [/var/www/household/app/config/const.php, line 16]
2012-04-15 22:00:58 Notice: Notice (8): Constant LOG_ERROR already defined in [/var/www/household/app/config/const.php, line 16]
2012-04-15 22:01:10 Notice: Notice (8): Constant LOG_ERROR already defined in [/var/www/household/app/config/const.php, line 16]
2012-04-15 22:01:13 Notice: Notice (8): Constant LOG_ERROR already defined in [/var/www/household/app/config/const.php, line 16]
2012-04-15 22:03:18 Notice: Notice (8): Constant LOG_ERROR already defined in [/var/www/household/app/config/const.php, line 16]
2012-04-15 22:03:18 Notice: Notice (8): Constant LOG_ERROR already defined in [/var/www/household/app/config/const.php, line 16]
2012-04-15 22:04:02 Notice: Notice (8): Constant LOG_ERROR already defined in [/var/www/household/app/config/const.php, line 16]
2012-04-15 22:04:04 Notice: Notice (8): Constant LOG_ERROR already defined in [/var/www/household/app/config/const.php, line 16]
2012-04-15 22:04:04 Notice: Notice (8): Constant LOG_ERROR already defined in [/var/www/household/app/config/const.php, line 16]
2012-04-15 22:04:16 Notice: Notice (8): Constant LOG_ERROR already defined in [/var/www/household/app/config/const.php, line 16]
2012-04-15 22:04:42 Notice: Notice (8): Constant LOG_ERROR already defined in [/var/www/household/app/config/const.php, line 16]
2012-04-15 22:04:42 Notice: Notice (8): Undefined variable: vouncer_list in [/var/www/household/app/views/records/add.ctp, line 24]
2012-04-15 22:04:42 Notice: Notice (8): Undefined variable: master_category_list in [/var/www/household/app/views/records/add.ctp, line 40]
2012-04-15 22:04:42 Notice: Notice (8): Undefined variable: info_category_list in [/var/www/household/app/views/records/add.ctp, line 48]
2012-04-15 22:04:52 Notice: Notice (8): Constant LOG_ERROR already defined in [/var/www/household/app/config/const.php, line 16]
2012-04-15 22:04:55 Notice: Notice (8): Constant LOG_ERROR already defined in [/var/www/household/app/config/const.php, line 16]
2012-04-15 22:07:56 Notice: Notice (8): Constant LOG_ERROR already defined in [/var/www/household/app/config/const.php, line 16]
2012-04-15 22:07:58 Notice: Notice (8): Constant LOG_ERROR already defined in [/var/www/household/app/config/const.php, line 16]
2012-04-15 22:08:50 Notice: Notice (8): Constant LOG_ERROR already defined in [/var/www/household/app/config/const.php, line 16]
2012-04-15 22:08:50 Notice: Notice (8): Undefined variable: data in [/var/www/household/app/controllers/records_controller.php, line 25]
2012-04-15 22:09:02 Notice: Notice (8): Constant LOG_ERROR already defined in [/var/www/household/app/config/const.php, line 16]
2012-04-15 22:09:02 Notice: Notice (8): Undefined variable: data in [/var/www/household/app/controllers/records_controller.php, line 25]
2012-04-15 22:09:10 Notice: Notice (8): Constant LOG_ERROR already defined in [/var/www/household/app/config/const.php, line 16]
2012-04-15 22:09:22 Notice: Notice (8): Constant LOG_ERROR already defined in [/var/www/household/app/config/const.php, line 16]
2012-04-15 22:09:39 Notice: Notice (8): Constant LOG_ERROR already defined in [/var/www/household/app/config/const.php, line 16]
2012-04-15 22:09:50 Notice: Notice (8): Constant LOG_ERROR already defined in [/var/www/household/app/config/const.php, line 16]
2012-04-15 22:09:52 Notice: Notice (8): Constant LOG_ERROR already defined in [/var/www/household/app/config/const.php, line 16]
2012-04-15 22:09:53 Notice: Notice (8): Constant LOG_ERROR already defined in [/var/www/household/app/config/const.php, line 16]
2012-04-15 22:10:00 Notice: Notice (8): Constant LOG_ERROR already defined in [/var/www/household/app/config/const.php, line 16]
2012-04-15 22:10:00 Notice: Notice (8): Constant LOG_ERROR already defined in [/var/www/household/app/config/const.php, line 16]
2012-04-15 22:10:02 Notice: Notice (8): Constant LOG_ERROR already defined in [/var/www/household/app/config/const.php, line 16]
2012-04-15 22:10:06 Notice: Notice (8): Constant LOG_ERROR already defined in [/var/www/household/app/config/const.php, line 16]
2012-04-15 22:10:06 Notice: Notice (8): Constant LOG_ERROR already defined in [/var/www/household/app/config/const.php, line 16]
2012-04-15 22:10:14 Notice: Notice (8): Constant LOG_ERROR already defined in [/var/www/household/app/config/const.php, line 16]
2012-04-15 22:10:14 Notice: Notice (8): Constant LOG_ERROR already defined in [/var/www/household/app/config/const.php, line 16]
2012-04-15 22:10:22 Notice: Notice (8): Constant LOG_ERROR already defined in [/var/www/household/app/config/const.php, line 16]
2012-04-15 22:10:22 Notice: Notice (8): Constant LOG_ERROR already defined in [/var/www/household/app/config/const.php, line 16]
2012-04-15 22:10:27 Notice: Notice (8): Constant LOG_ERROR already defined in [/var/www/household/app/config/const.php, line 16]
2012-04-15 22:10:32 Notice: Notice (8): Constant LOG_ERROR already defined in [/var/www/household/app/config/const.php, line 16]
2012-04-15 22:10:32 Notice: Notice (8): Constant LOG_ERROR already defined in [/var/www/household/app/config/const.php, line 16]
2012-04-15 22:10:42 Notice: Notice (8): Constant LOG_ERROR already defined in [/var/www/household/app/config/const.php, line 16]
2012-04-15 22:10:42 Notice: Notice (8): Constant LOG_ERROR already defined in [/var/www/household/app/config/const.php, line 16]
2012-04-15 22:10:55 Notice: Notice (8): Constant LOG_ERROR already defined in [/var/www/household/app/config/const.php, line 16]
2012-04-15 22:10:58 Notice: Notice (8): Constant LOG_ERROR already defined in [/var/www/household/app/config/const.php, line 16]
2012-04-15 22:11:01 Notice: Notice (8): Constant LOG_ERROR already defined in [/var/www/household/app/config/const.php, line 16]
2012-04-15 22:11:02 Notice: Notice (8): Constant LOG_ERROR already defined in [/var/www/household/app/config/const.php, line 16]
2012-04-15 22:11:11 Notice: Notice (8): Constant LOG_ERROR already defined in [/var/www/household/app/config/const.php, line 16]
2012-04-15 22:11:16 Notice: Notice (8): Constant LOG_ERROR already defined in [/var/www/household/app/config/const.php, line 16]
2012-04-15 22:11:57 Notice: Notice (8): Constant LOG_ERROR already defined in [/var/www/household/app/config/const.php, line 16]
2012-04-15 22:12:03 Notice: Notice (8): Constant LOG_ERROR already defined in [/var/www/household/app/config/const.php, line 16]
2012-04-15 22:12:03 Notice: Notice (8): Constant LOG_ERROR already defined in [/var/www/household/app/config/const.php, line 16]
2012-04-15 22:12:07 Notice: Notice (8): Constant LOG_ERROR already defined in [/var/www/household/app/config/const.php, line 16]
2012-04-15 22:12:11 Notice: Notice (8): Constant LOG_ERROR already defined in [/var/www/household/app/config/const.php, line 16]
2012-04-15 22:12:11 Notice: Notice (8): Constant LOG_ERROR already defined in [/var/www/household/app/config/const.php, line 16]
2012-04-15 22:12:13 Notice: Notice (8): Constant LOG_ERROR already defined in [/var/www/household/app/config/const.php, line 16]
2012-04-15 22:12:17 Notice: Notice (8): Constant LOG_ERROR already defined in [/var/www/household/app/config/const.php, line 16]
2012-04-15 22:12:18 Notice: Notice (8): Constant LOG_ERROR already defined in [/var/www/household/app/config/const.php, line 16]
2012-04-15 22:12:51 Notice: Notice (8): Constant LOG_ERROR already defined in [/var/www/household/app/config/const.php, line 16]
2012-04-15 22:12:54 Notice: Notice (8): Constant LOG_ERROR already defined in [/var/www/household/app/config/const.php, line 16]
2012-04-15 22:14:52 Notice: Notice (8): Constant LOG_ERROR already defined in [/var/www/household/app/config/const.php, line 16]
2012-04-15 22:14:52 Notice: Notice (8): Constant LOG_ERROR already defined in [/var/www/household/app/config/const.php, line 16]
2012-04-15 22:15:20 Notice: Notice (8): Constant LOG_ERROR already defined in [/var/www/household/app/config/const.php, line 16]
2012-04-15 22:15:43 Notice: Notice (8): Constant LOG_ERROR already defined in [/var/www/household/app/config/const.php, line 16]
2012-04-15 22:15:46 Notice: Notice (8): Constant LOG_ERROR already defined in [/var/www/household/app/config/const.php, line 16]
2012-04-15 22:15:46 Notice: Notice (8): Constant LOG_ERROR already defined in [/var/www/household/app/config/const.php, line 16]
2012-04-15 22:16:04 Notice: Notice (8): Constant LOG_ERROR already defined in [/var/www/household/app/config/const.php, line 16]
2012-04-15 22:16:04 Notice: Notice (8): Constant LOG_ERROR already defined in [/var/www/household/app/config/const.php, line 16]
2012-04-15 22:16:54 Notice: Notice (8): Constant LOG_ERROR already defined in [/var/www/household/app/config/const.php, line 16]
2012-04-15 22:16:57 Notice: Notice (8): Constant LOG_ERROR already defined in [/var/www/household/app/config/const.php, line 16]
2012-04-15 22:16:57 Notice: Notice (8): Constant LOG_ERROR already defined in [/var/www/household/app/config/const.php, line 16]
2012-04-15 22:17:19 Notice: Notice (8): Constant LOG_ERROR already defined in [/var/www/household/app/config/const.php, line 16]
2012-04-15 22:17:22 Notice: Notice (8): Constant LOG_ERROR already defined in [/var/www/household/app/config/const.php, line 16]
2012-04-15 22:17:30 Notice: Notice (8): Constant LOG_ERROR already defined in [/var/www/household/app/config/const.php, line 16]
2012-04-15 22:17:35 Notice: Notice (8): Constant LOG_ERROR already defined in [/var/www/household/app/config/const.php, line 16]
2012-04-15 22:17:36 Notice: Notice (8): Constant LOG_ERROR already defined in [/var/www/household/app/config/const.php, line 16]
2012-04-15 22:17:55 Notice: Notice (8): Constant LOG_ERROR already defined in [/var/www/household/app/config/const.php, line 16]
2012-04-15 22:18:05 Notice: Notice (8): Constant LOG_ERROR already defined in [/var/www/household/app/config/const.php, line 16]
2012-04-15 22:18:05 Notice: Notice (8): Constant LOG_ERROR already defined in [/var/www/household/app/config/const.php, line 16]
2012-04-15 22:18:36 Notice: Notice (8): Constant LOG_ERROR already defined in [/var/www/household/app/config/const.php, line 16]
2012-04-15 22:18:39 Notice: Notice (8): Constant LOG_ERROR already defined in [/var/www/household/app/config/const.php, line 16]
2012-04-15 22:18:55 Notice: Notice (8): Constant LOG_ERROR already defined in [/var/www/household/app/config/const.php, line 16]
2012-04-15 22:20:44 Notice: Notice (8): Constant LOG_ERROR already defined in [/var/www/household/app/config/const.php, line 16]
2012-04-15 22:20:44 Notice: Notice (8): Constant LOG_ERROR already defined in [/var/www/household/app/config/const.php, line 16]
2012-04-15 22:21:24 Notice: Notice (8): Constant LOG_ERROR already defined in [/var/www/household/app/config/const.php, line 16]
2012-04-15 22:21:32 Notice: Notice (8): Constant LOG_ERROR already defined in [/var/www/household/app/config/const.php, line 16]
2012-04-15 22:22:36 Notice: Notice (8): Constant LOG_ERROR already defined in [/var/www/household/app/config/const.php, line 16]
2012-04-15 22:22:43 Notice: Notice (8): Constant LOG_ERROR already defined in [/var/www/household/app/config/const.php, line 16]
2012-04-15 22:23:28 Notice: Notice (8): Constant LOG_ERROR already defined in [/var/www/household/app/config/const.php, line 16]
2012-04-15 22:23:29 Notice: Notice (8): Constant LOG_ERROR already defined in [/var/www/household/app/config/const.php, line 16]
2012-04-15 22:23:33 Notice: Notice (8): Constant LOG_ERROR already defined in [/var/www/household/app/config/const.php, line 16]
2012-04-15 22:23:33 Notice: Notice (8): Constant LOG_ERROR already defined in [/var/www/household/app/config/const.php, line 16]
2012-04-15 22:24:04 Notice: Notice (8): Constant LOG_ERROR already defined in [/var/www/household/app/config/const.php, line 16]
2012-04-15 22:24:11 Notice: Notice (8): Constant LOG_ERROR already defined in [/var/www/household/app/config/const.php, line 16]
2012-04-15 22:25:27 Notice: Notice (8): Constant LOG_ERROR already defined in [/var/www/household/app/config/const.php, line 16]
2012-04-15 22:25:36 Notice: Notice (8): Constant LOG_ERROR already defined in [/var/www/household/app/config/const.php, line 16]
2012-04-15 22:25:55 Notice: Notice (8): Constant LOG_ERROR already defined in [/var/www/household/app/config/const.php, line 16]
2012-04-15 22:25:58 Notice: Notice (8): Constant LOG_ERROR already defined in [/var/www/household/app/config/const.php, line 16]
2012-04-15 22:26:39 Notice: Notice (8): Constant LOG_ERROR already defined in [/var/www/household/app/config/const.php, line 16]
2012-04-15 22:26:52 Notice: Notice (8): Constant LOG_ERROR already defined in [/var/www/household/app/config/const.php, line 16]
2012-04-15 22:27:58 Notice: Notice (8): Constant LOG_ERROR already defined in [/var/www/household/app/config/const.php, line 16]
2012-04-15 22:29:35 Notice: Notice (8): Constant LOG_ERROR already defined in [/var/www/household/app/config/const.php, line 16]
2012-04-15 22:29:46 Notice: Notice (8): Constant LOG_ERROR already defined in [/var/www/household/app/config/const.php, line 16]
2012-04-15 22:29:47 Notice: Notice (8): Constant LOG_ERROR already defined in [/var/www/household/app/config/const.php, line 16]
2012-04-15 22:29:54 Notice: Notice (8): Constant LOG_ERROR already defined in [/var/www/household/app/config/const.php, line 16]
2012-04-15 22:29:59 Notice: Notice (8): Constant LOG_ERROR already defined in [/var/www/household/app/config/const.php, line 16]
2012-04-15 22:30:02 Notice: Notice (8): Constant LOG_ERROR already defined in [/var/www/household/app/config/const.php, line 16]
2012-04-15 22:30:06 Notice: Notice (8): Constant LOG_ERROR already defined in [/var/www/household/app/config/const.php, line 16]
2012-04-15 22:30:56 Notice: Notice (8): Constant LOG_ERROR already defined in [/var/www/household/app/config/const.php, line 16]
2012-04-15 22:31:20 Notice: Notice (8): Constant LOG_ERROR already defined in [/var/www/household/app/config/const.php, line 16]
2012-04-15 22:31:36 Notice: Notice (8): Constant LOG_ERROR already defined in [/var/www/household/app/config/const.php, line 16]
2012-04-15 22:31:54 Notice: Notice (8): Constant LOG_ERROR already defined in [/var/www/household/app/config/const.php, line 16]
2012-04-15 22:31:58 Notice: Notice (8): Constant LOG_ERROR already defined in [/var/www/household/app/config/const.php, line 16]
2012-04-15 22:32:37 Notice: Notice (8): Constant LOG_ERROR already defined in [/var/www/household/app/config/const.php, line 16]
2012-04-15 22:32:46 Notice: Notice (8): Constant LOG_ERROR already defined in [/var/www/household/app/config/const.php, line 16]
2012-04-15 22:32:52 Notice: Notice (8): Constant LOG_ERROR already defined in [/var/www/household/app/config/const.php, line 16]
2012-04-15 22:33:04 Notice: Notice (8): Constant LOG_ERROR already defined in [/var/www/household/app/config/const.php, line 16]
2012-04-15 22:33:08 Notice: Notice (8): Constant LOG_ERROR already defined in [/var/www/household/app/config/const.php, line 16]
2012-04-15 22:33:12 Notice: Notice (8): Constant LOG_ERROR already defined in [/var/www/household/app/config/const.php, line 16]
2012-04-15 22:33:15 Notice: Notice (8): Constant LOG_ERROR already defined in [/var/www/household/app/config/const.php, line 16]
2012-04-15 22:33:17 Notice: Notice (8): Constant LOG_ERROR already defined in [/var/www/household/app/config/const.php, line 16]
2012-04-15 22:37:54 Notice: Notice (8): Constant LOG_ERROR already defined in [/var/www/household/app/config/const.php, line 16]
2012-04-15 22:38:10 Notice: Notice (8): Constant LOG_ERROR already defined in [/var/www/household/app/config/const.php, line 16]
2012-04-15 22:39:41 Notice: Notice (8): Constant LOG_ERROR already defined in [/var/www/household/app/config/const.php, line 16]
2012-04-15 22:39:45 Notice: Notice (8): Constant LOG_ERROR already defined in [/var/www/household/app/config/const.php, line 16]
2012-04-15 22:39:51 Notice: Notice (8): Constant LOG_ERROR already defined in [/var/www/household/app/config/const.php, line 16]
2012-04-15 22:40:31 Notice: Notice (8): Constant LOG_ERROR already defined in [/var/www/household/app/config/const.php, line 16]
2012-04-15 22:40:42 Notice: Notice (8): Constant LOG_ERROR already defined in [/var/www/household/app/config/const.php, line 16]
2012-04-15 22:40:59 Notice: Notice (8): Constant LOG_ERROR already defined in [/var/www/household/app/config/const.php, line 16]
2012-04-15 22:41:06 Notice: Notice (8): Constant LOG_ERROR already defined in [/var/www/household/app/config/const.php, line 16]
2012-04-15 22:41:26 Notice: Notice (8): Constant LOG_ERROR already defined in [/var/www/household/app/config/const.php, line 16]
2012-04-15 22:42:43 Notice: Notice (8): Constant LOG_ERROR already defined in [/var/www/household/app/config/const.php, line 16]
2012-04-15 22:50:52 Notice: Notice (8): Constant LOG_ERROR already defined in [/var/www/household/app/config/const.php, line 16]
2012-04-15 22:51:09 Notice: Notice (8): Constant LOG_ERROR already defined in [/var/www/household/app/config/const.php, line 16]
2012-04-15 22:51:10 Notice: Notice (8): Constant LOG_ERROR already defined in [/var/www/household/app/config/const.php, line 16]
2012-04-15 22:53:07 Notice: Notice (8): Constant LOG_ERROR already defined in [/var/www/household/app/config/const.php, line 16]
2012-04-15 22:53:33 Notice: Notice (8): Constant LOG_ERROR already defined in [/var/www/household/app/config/const.php, line 16]
2012-04-15 22:55:00 Notice: Notice (8): Constant LOG_ERROR already defined in [/var/www/household/app/config/const.php, line 16]
2012-04-15 22:55:09 Notice: Notice (8): Constant LOG_ERROR already defined in [/var/www/household/app/config/const.php, line 16]
2012-04-15 22:55:27 Notice: Notice (8): Constant LOG_ERROR already defined in [/var/www/household/app/config/const.php, line 16]
2012-04-15 22:55:41 Notice: Notice (8): Constant LOG_ERROR already defined in [/var/www/household/app/config/const.php, line 16]
2012-04-15 22:56:30 Notice: Notice (8): Constant LOG_ERROR already defined in [/var/www/household/app/config/const.php, line 16]
2012-04-15 22:56:38 Notice: Notice (8): Constant LOG_ERROR already defined in [/var/www/household/app/config/const.php, line 16]
2012-04-15 22:56:44 Notice: Notice (8): Constant LOG_ERROR already defined in [/var/www/household/app/config/const.php, line 16]
2012-04-15 22:56:54 Notice: Notice (8): Constant LOG_ERROR already defined in [/var/www/household/app/config/const.php, line 16]
2012-04-15 22:57:05 Notice: Notice (8): Constant LOG_ERROR already defined in [/var/www/household/app/config/const.php, line 16]
2012-04-15 22:57:11 Notice: Notice (8): Constant LOG_ERROR already defined in [/var/www/household/app/config/const.php, line 16]
2012-04-15 22:57:28 Notice: Notice (8): Constant LOG_ERROR already defined in [/var/www/household/app/config/const.php, line 16]
2012-04-15 22:57:41 Notice: Notice (8): Constant LOG_ERROR already defined in [/var/www/household/app/config/const.php, line 16]
2012-04-15 22:58:19 Notice: Notice (8): Constant LOG_ERROR already defined in [/var/www/household/app/config/const.php, line 16]
2012-04-15 22:58:46 Notice: Notice (8): Constant LOG_ERROR already defined in [/var/www/household/app/config/const.php, line 16]
2012-04-15 22:59:04 Notice: Notice (8): Constant LOG_ERROR already defined in [/var/www/household/app/config/const.php, line 16]
2012-04-15 22:59:09 Notice: Notice (8): Constant LOG_ERROR already defined in [/var/www/household/app/config/const.php, line 16]
2012-04-15 23:00:15 Notice: Notice (8): Constant LOG_ERROR already defined in [/var/www/household/app/config/const.php, line 16]
2012-04-15 23:00:40 Notice: Notice (8): Constant LOG_ERROR already defined in [/var/www/household/app/config/const.php, line 16]
2012-04-15 23:00:49 Notice: Notice (8): Constant LOG_ERROR already defined in [/var/www/household/app/config/const.php, line 16]
2012-04-15 23:00:51 Notice: Notice (8): Constant LOG_ERROR already defined in [/var/www/household/app/config/const.php, line 16]
2012-04-15 23:00:58 Notice: Notice (8): Constant LOG_ERROR already defined in [/var/www/household/app/config/const.php, line 16]
2012-04-15 23:01:02 Notice: Notice (8): Constant LOG_ERROR already defined in [/var/www/household/app/config/const.php, line 16]
2012-04-15 23:01:08 Notice: Notice (8): Constant LOG_ERROR already defined in [/var/www/household/app/config/const.php, line 16]
2012-04-15 23:01:29 Notice: Notice (8): Constant LOG_ERROR already defined in [/var/www/household/app/config/const.php, line 16]
2012-04-15 23:01:58 Notice: Notice (8): Constant LOG_ERROR already defined in [/var/www/household/app/config/const.php, line 16]
2012-04-15 23:02:03 Notice: Notice (8): Constant LOG_ERROR already defined in [/var/www/household/app/config/const.php, line 16]
2012-04-15 23:03:39 Notice: Notice (8): Constant LOG_ERROR already defined in [/var/www/household/app/config/const.php, line 16]
2012-04-15 23:03:53 Notice: Notice (8): Constant LOG_ERROR already defined in [/var/www/household/app/config/const.php, line 16]
2012-04-15 23:03:53 Notice: Notice (8): Constant LOG_ERROR already defined in [/var/www/household/app/config/const.php, line 16]
2012-04-15 23:04:44 Notice: Notice (8): Constant LOG_ERROR already defined in [/var/www/household/app/config/const.php, line 16]
2012-04-15 23:05:13 Notice: Notice (8): Constant LOG_ERROR already defined in [/var/www/household/app/config/const.php, line 16]
2012-04-15 23:06:15 Notice: Notice (8): Constant LOG_ERROR already defined in [/var/www/household/app/config/const.php, line 16]
2012-04-15 23:06:20 Notice: Notice (8): Constant LOG_ERROR already defined in [/var/www/household/app/config/const.php, line 16]
2012-04-15 23:06:23 Notice: Notice (8): Constant LOG_ERROR already defined in [/var/www/household/app/config/const.php, line 16]
2012-04-15 23:06:39 Notice: Notice (8): Constant LOG_ERROR already defined in [/var/www/household/app/config/const.php, line 16]
2012-04-15 23:06:44 Notice: Notice (8): Constant LOG_ERROR already defined in [/var/www/household/app/config/const.php, line 16]
2012-04-15 23:07:23 Notice: Notice (8): Constant LOG_ERROR already defined in [/var/www/household/app/config/const.php, line 16]
2012-04-15 23:07:33 Notice: Notice (8): Constant LOG_ERROR already defined in [/var/www/household/app/config/const.php, line 16]
2012-04-15 23:07:55 Notice: Notice (8): Constant LOG_ERROR already defined in [/var/www/household/app/config/const.php, line 16]
2012-04-15 23:07:58 Notice: Notice (8): Constant LOG_ERROR already defined in [/var/www/household/app/config/const.php, line 16]
2012-04-15 23:08:16 Notice: Notice (8): Constant LOG_ERROR already defined in [/var/www/household/app/config/const.php, line 16]
2012-04-15 23:08:16 Notice: Notice (8): Constant LOG_ERROR already defined in [/var/www/household/app/config/const.php, line 16]
2012-04-15 23:08:39 Notice: Notice (8): Constant LOG_ERROR already defined in [/var/www/household/app/config/const.php, line 16]
2012-04-15 23:09:18 Notice: Notice (8): Constant LOG_ERROR already defined in [/var/www/household/app/config/const.php, line 16]
2012-04-15 23:09:26 Notice: Notice (8): Constant LOG_ERROR already defined in [/var/www/household/app/config/const.php, line 16]
2012-04-15 23:09:57 Notice: Notice (8): Constant LOG_ERROR already defined in [/var/www/household/app/config/const.php, line 16]
2012-04-15 23:10:15 Notice: Notice (8): Constant LOG_ERROR already defined in [/var/www/household/app/config/const.php, line 16]
2012-04-15 23:10:26 Notice: Notice (8): Constant LOG_ERROR already defined in [/var/www/household/app/config/const.php, line 16]
2012-04-15 23:10:40 Notice: Notice (8): Constant LOG_ERROR already defined in [/var/www/household/app/config/const.php, line 16]
2012-04-15 23:10:41 Notice: Notice (8): Constant LOG_ERROR already defined in [/var/www/household/app/config/const.php, line 16]
2012-04-15 23:10:48 Notice: Notice (8): Constant LOG_ERROR already defined in [/var/www/household/app/config/const.php, line 16]
2012-04-15 23:10:59 Notice: Notice (8): Constant LOG_ERROR already defined in [/var/www/household/app/config/const.php, line 16]
2012-04-15 23:11:30 Notice: Notice (8): Constant LOG_ERROR already defined in [/var/www/household/app/config/const.php, line 16]
2012-04-15 23:11:37 Notice: Notice (8): Constant LOG_ERROR already defined in [/var/www/household/app/config/const.php, line 16]
2012-04-15 23:11:39 Notice: Notice (8): Constant LOG_ERROR already defined in [/var/www/household/app/config/const.php, line 16]
2012-04-15 23:11:54 Notice: Notice (8): Constant LOG_ERROR already defined in [/var/www/household/app/config/const.php, line 16]
2012-04-15 23:12:13 Notice: Notice (8): Constant LOG_ERROR already defined in [/var/www/household/app/config/const.php, line 16]
2012-04-15 23:12:20 Notice: Notice (8): Constant LOG_ERROR already defined in [/var/www/household/app/config/const.php, line 16]
2012-04-15 23:12:51 Notice: Notice (8): Constant LOG_ERROR already defined in [/var/www/household/app/config/const.php, line 16]
2012-04-15 23:13:29 Notice: Notice (8): Constant LOG_ERROR already defined in [/var/www/household/app/config/const.php, line 16]
2012-04-15 23:13:41 Notice: Notice (8): Constant LOG_ERROR already defined in [/var/www/household/app/config/const.php, line 16]
2012-04-15 23:14:25 Notice: Notice (8): Constant LOG_ERROR already defined in [/var/www/household/app/config/const.php, line 16]
2012-04-15 23:14:37 Notice: Notice (8): Constant LOG_ERROR already defined in [/var/www/household/app/config/const.php, line 16]
2012-04-15 23:14:43 Notice: Notice (8): Constant LOG_ERROR already defined in [/var/www/household/app/config/const.php, line 16]
2012-04-15 23:14:46 Notice: Notice (8): Constant LOG_ERROR already defined in [/var/www/household/app/config/const.php, line 16]
2012-04-15 23:14:51 Notice: Notice (8): Constant LOG_ERROR already defined in [/var/www/household/app/config/const.php, line 16]
2012-04-15 23:15:04 Notice: Notice (8): Constant LOG_ERROR already defined in [/var/www/household/app/config/const.php, line 16]
2012-04-15 23:15:07 Notice: Notice (8): Constant LOG_ERROR already defined in [/var/www/household/app/config/const.php, line 16]
2012-04-15 23:15:10 Notice: Notice (8): Constant LOG_ERROR already defined in [/var/www/household/app/config/const.php, line 16]
2012-04-15 23:15:13 Notice: Notice (8): Constant LOG_ERROR already defined in [/var/www/household/app/config/const.php, line 16]
2012-04-15 23:15:20 Notice: Notice (8): Constant LOG_ERROR already defined in [/var/www/household/app/config/const.php, line 16]
2012-04-15 23:15:35 Notice: Notice (8): Constant LOG_ERROR already defined in [/var/www/household/app/config/const.php, line 16]
2012-04-15 23:15:44 Notice: Notice (8): Constant LOG_ERROR already defined in [/var/www/household/app/config/const.php, line 16]
2012-04-15 23:15:57 Notice: Notice (8): Constant LOG_ERROR already defined in [/var/www/household/app/config/const.php, line 16]
2012-04-15 23:15:59 Notice: Notice (8): Constant LOG_ERROR already defined in [/var/www/household/app/config/const.php, line 16]
2012-04-15 23:16:58 Notice: Notice (8): Constant LOG_ERROR already defined in [/var/www/household/app/config/const.php, line 16]
2012-04-15 23:17:05 Notice: Notice (8): Constant LOG_ERROR already defined in [/var/www/household/app/config/const.php, line 16]
2012-04-15 23:20:10 Notice: Notice (8): Constant LOG_ERROR already defined in [/var/www/household/app/config/const.php, line 16]
2012-04-15 23:20:26 Notice: Notice (8): Constant LOG_ERROR already defined in [/var/www/household/app/config/const.php, line 16]
2012-04-15 23:20:37 Notice: Notice (8): Constant LOG_ERROR already defined in [/var/www/household/app/config/const.php, line 16]
2012-04-15 23:20:45 Notice: Notice (8): Constant LOG_ERROR already defined in [/var/www/household/app/config/const.php, line 16]
2012-04-15 23:20:45 Notice: Notice (8): Constant LOG_ERROR already defined in [/var/www/household/app/config/const.php, line 16]
2012-04-15 23:21:10 Notice: Notice (8): Constant LOG_ERROR already defined in [/var/www/household/app/config/const.php, line 16]
2012-04-15 23:21:11 Notice: Notice (8): Constant LOG_ERROR already defined in [/var/www/household/app/config/const.php, line 16]
2012-04-15 23:21:15 Notice: Notice (8): Constant LOG_ERROR already defined in [/var/www/household/app/config/const.php, line 16]
2012-04-15 23:21:16 Notice: Notice (8): Constant LOG_ERROR already defined in [/var/www/household/app/config/const.php, line 16]
2012-04-15 23:21:17 Notice: Notice (8): Constant LOG_ERROR already defined in [/var/www/household/app/config/const.php, line 16]
2012-04-15 23:21:18 Notice: Notice (8): Constant LOG_ERROR already defined in [/var/www/household/app/config/const.php, line 16]
2012-04-15 23:21:19 Notice: Notice (8): Constant LOG_ERROR already defined in [/var/www/household/app/config/const.php, line 16]
2012-04-15 23:21:20 Notice: Notice (8): Constant LOG_ERROR already defined in [/var/www/household/app/config/const.php, line 16]
2012-04-15 23:21:21 Notice: Notice (8): Constant LOG_ERROR already defined in [/var/www/household/app/config/const.php, line 16]
2012-04-15 23:21:21 Notice: Notice (8): Constant LOG_ERROR already defined in [/var/www/household/app/config/const.php, line 16]
2012-04-15 23:21:35 Notice: Notice (8): Constant LOG_ERROR already defined in [/var/www/household/app/config/const.php, line 16]
2012-04-15 23:21:43 Notice: Notice (8): Constant LOG_ERROR already defined in [/var/www/household/app/config/const.php, line 16]
2012-04-16 00:01:57 Notice: Notice (8): Constant LOG_ERROR already defined in [/var/www/household/app/config/const.php, line 16]
2012-04-16 00:02:30 Notice: Notice (8): Constant LOG_ERROR already defined in [/var/www/household/app/config/const.php, line 16]
2012-04-16 00:03:09 Notice: Notice (8): Constant LOG_ERROR already defined in [/var/www/household/app/config/const.php, line 16]
2012-04-16 00:04:30 Notice: Notice (8): Constant LOG_ERROR already defined in [/var/www/household/app/config/const.php, line 16]
2012-04-16 00:04:30 Notice: Notice (8): Undefined variable: categories in [/var/www/household/app/views/graph/index.ctp, line 54]
2012-04-16 00:04:30 Notice: Notice (8): Undefined variable: categories in [/var/www/household/app/views/graph/index.ctp, line 69]
2012-04-16 00:04:30 Notice: Notice (8): Constant LOG_ERROR already defined in [/var/www/household/app/config/const.php, line 16]
2012-04-16 00:04:38 Notice: Notice (8): Constant LOG_ERROR already defined in [/var/www/household/app/config/const.php, line 16]
2012-04-16 00:05:00 Notice: Notice (8): Constant LOG_ERROR already defined in [/var/www/household/app/config/const.php, line 16]
2012-04-16 00:09:10 Notice: Notice (8): Constant LOG_ERROR already defined in [/var/www/household/app/config/const.php, line 16]
2012-04-16 00:09:48 Notice: Notice (8): Constant LOG_ERROR already defined in [/var/www/household/app/config/const.php, line 16]
2012-04-16 00:10:15 Notice: Notice (8): Constant LOG_ERROR already defined in [/var/www/household/app/config/const.php, line 16]
2012-04-16 00:10:31 Notice: Notice (8): Constant LOG_ERROR already defined in [/var/www/household/app/config/const.php, line 16]
2012-04-16 00:10:39 Notice: Notice (8): Constant LOG_ERROR already defined in [/var/www/household/app/config/const.php, line 16]
2012-04-16 00:10:50 Notice: Notice (8): Constant LOG_ERROR already defined in [/var/www/household/app/config/const.php, line 16]
2012-04-16 00:10:51 Notice: Notice (8): Constant LOG_ERROR already defined in [/var/www/household/app/config/const.php, line 16]
2012-04-16 00:10:52 Notice: Notice (8): Constant LOG_ERROR already defined in [/var/www/household/app/config/const.php, line 16]
2012-04-16 00:10:53 Notice: Notice (8): Constant LOG_ERROR already defined in [/var/www/household/app/config/const.php, line 16]
2012-04-16 00:10:54 Notice: Notice (8): Constant LOG_ERROR already defined in [/var/www/household/app/config/const.php, line 16]
2012-04-16 00:10:54 Notice: Notice (8): Constant LOG_ERROR already defined in [/var/www/household/app/config/const.php, line 16]
2012-04-16 00:10:55 Notice: Notice (8): Constant LOG_ERROR already defined in [/var/www/household/app/config/const.php, line 16]
2012-04-16 00:10:56 Notice: Notice (8): Constant LOG_ERROR already defined in [/var/www/household/app/config/const.php, line 16]
2012-04-16 00:11:06 Notice: Notice (8): Constant LOG_ERROR already defined in [/var/www/household/app/config/const.php, line 16]
2012-04-16 00:11:06 Notice: Notice (8): Undefined variable: categories in [/var/www/household/app/views/graph/index.ctp, line 54]
2012-04-16 00:11:06 Notice: Notice (8): Undefined variable: categories in [/var/www/household/app/views/graph/index.ctp, line 69]
2012-04-16 00:11:06 Notice: Notice (8): Constant LOG_ERROR already defined in [/var/www/household/app/config/const.php, line 16]
2012-04-16 00:11:13 Notice: Notice (8): Constant LOG_ERROR already defined in [/var/www/household/app/config/const.php, line 16]
2012-04-16 00:11:49 Notice: Notice (8): Constant LOG_ERROR already defined in [/var/www/household/app/config/const.php, line 16]
2012-04-16 00:11:49 Notice: Notice (8): Undefined variable: categories in [/var/www/household/app/views/graph/index.ctp, line 54]
2012-04-16 00:11:49 Notice: Notice (8): Undefined variable: categories in [/var/www/household/app/views/graph/index.ctp, line 69]
2012-04-16 00:11:49 Notice: Notice (8): Constant LOG_ERROR already defined in [/var/www/household/app/config/const.php, line 16]
2012-04-16 00:11:54 Notice: Notice (8): Constant LOG_ERROR already defined in [/var/www/household/app/config/const.php, line 16]
2012-04-16 00:11:54 Notice: Notice (8): Undefined variable: categories in [/var/www/household/app/views/graph/index.ctp, line 54]
2012-04-16 00:11:54 Notice: Notice (8): Undefined variable: categories in [/var/www/household/app/views/graph/index.ctp, line 69]
2012-04-16 00:11:54 Notice: Notice (8): Constant LOG_ERROR already defined in [/var/www/household/app/config/const.php, line 16]
2012-04-16 00:11:59 Notice: Notice (8): Constant LOG_ERROR already defined in [/var/www/household/app/config/const.php, line 16]
2012-04-16 00:12:13 Notice: Notice (8): Constant LOG_ERROR already defined in [/var/www/household/app/config/const.php, line 16]
2012-04-16 00:12:13 Notice: Notice (8): Undefined variable: categories in [/var/www/household/app/views/graph/index.ctp, line 69]
2012-04-16 00:12:13 Notice: Notice (8): Constant LOG_ERROR already defined in [/var/www/household/app/config/const.php, line 16]
2012-04-16 00:12:17 Notice: Notice (8): Constant LOG_ERROR already defined in [/var/www/household/app/config/const.php, line 16]
2012-04-16 00:12:17 Notice: Notice (8): Undefined variable: categories in [/var/www/household/app/views/graph/index.ctp, line 69]
2012-04-16 00:12:17 Notice: Notice (8): Constant LOG_ERROR already defined in [/var/www/household/app/config/const.php, line 16]
2012-04-16 00:12:28 Notice: Notice (8): Constant LOG_ERROR already defined in [/var/www/household/app/config/const.php, line 16]
2012-04-16 00:12:28 Notice: Notice (8): Undefined variable: categories in [/var/www/household/app/views/graph/index.ctp, line 69]
2012-04-16 00:12:29 Notice: Notice (8): Constant LOG_ERROR already defined in [/var/www/household/app/config/const.php, line 16]
2012-04-16 00:12:39 Notice: Notice (8): Constant LOG_ERROR already defined in [/var/www/household/app/config/const.php, line 16]
2012-04-16 00:13:14 Notice: Notice (8): Constant LOG_ERROR already defined in [/var/www/household/app/config/const.php, line 16]
2012-04-16 00:13:16 Notice: Notice (8): Constant LOG_ERROR already defined in [/var/www/household/app/config/const.php, line 16]
2012-04-16 00:13:36 Notice: Notice (8): Constant LOG_ERROR already defined in [/var/www/household/app/config/const.php, line 16]
2012-04-16 00:13:51 Notice: Notice (8): Constant LOG_ERROR already defined in [/var/www/household/app/config/const.php, line 16]
2012-04-16 00:17:22 Notice: Notice (8): Constant LOG_ERROR already defined in [/var/www/household/app/config/const.php, line 16]
2012-04-16 00:17:25 Notice: Notice (8): Constant LOG_ERROR already defined in [/var/www/household/app/config/const.php, line 16]
2012-04-16 09:31:45 Notice: Notice (8): Constant LOG_ERROR already defined in [/var/www/household/app/config/const.php, line 16]
2012-04-16 09:31:49 Notice: Notice (8): Constant LOG_ERROR already defined in [/var/www/household/app/config/const.php, line 16]
2012-04-16 09:31:53 Notice: Notice (8): Constant LOG_ERROR already defined in [/var/www/household/app/config/const.php, line 16]
2012-04-16 09:32:44 Notice: Notice (8): Constant LOG_ERROR already defined in [/var/www/household/app/config/const.php, line 16]
2012-04-16 09:33:07 Notice: Notice (8): Constant LOG_ERROR already defined in [/var/www/household/app/config/const.php, line 16]
2012-04-16 09:33:27 Notice: Notice (8): Constant LOG_ERROR already defined in [/var/www/household/app/config/const.php, line 16]
2012-04-16 09:33:27 Notice: Notice (8): Constant LOG_ERROR already defined in [/var/www/household/app/config/const.php, line 16]
2012-04-16 09:33:57 Notice: Notice (8): Constant LOG_ERROR already defined in [/var/www/household/app/config/const.php, line 16]
2012-04-16 09:34:30 Notice: Notice (8): Constant LOG_ERROR already defined in [/var/www/household/app/config/const.php, line 16]
2012-04-16 09:34:31 Notice: Notice (8): Constant LOG_ERROR already defined in [/var/www/household/app/config/const.php, line 16]
2012-04-16 09:34:35 Notice: Notice (8): Constant LOG_ERROR already defined in [/var/www/household/app/config/const.php, line 16]
2012-04-16 09:39:44 Notice: Notice (8): Constant LOG_ERROR already defined in [/var/www/household/app/config/const.php, line 16]
2012-04-16 09:39:46 Notice: Notice (8): Constant LOG_ERROR already defined in [/var/www/household/app/config/const.php, line 16]
2012-04-16 09:40:02 Notice: Notice (8): Constant LOG_ERROR already defined in [/var/www/household/app/config/const.php, line 16]
2012-04-16 09:40:34 Notice: Notice (8): Constant LOG_ERROR already defined in [/var/www/household/app/config/const.php, line 16]
2012-04-16 09:40:47 Notice: Notice (8): Constant LOG_ERROR already defined in [/var/www/household/app/config/const.php, line 16]
2012-04-16 09:41:27 Notice: Notice (8): Constant LOG_ERROR already defined in [/var/www/household/app/config/const.php, line 16]
2012-04-16 09:41:39 Notice: Notice (8): Constant LOG_ERROR already defined in [/var/www/household/app/config/const.php, line 16]
2012-04-16 09:47:08 Notice: Notice (8): Constant LOG_ERROR already defined in [/var/www/household/app/config/const.php, line 16]
2012-04-16 09:49:58 Notice: Notice (8): Constant LOG_ERROR already defined in [/var/www/household/app/config/const.php, line 16]
2012-04-16 09:51:21 Notice: Notice (8): Constant LOG_ERROR already defined in [/var/www/household/app/config/const.php, line 16]
2012-04-16 09:51:52 Notice: Notice (8): Constant LOG_ERROR already defined in [/var/www/household/app/config/const.php, line 16]
2012-04-16 09:52:51 Notice: Notice (8): Constant LOG_ERROR already defined in [/var/www/household/app/config/const.php, line 16]
2012-04-16 09:53:00 Notice: Notice (8): Constant LOG_ERROR already defined in [/var/www/household/app/config/const.php, line 16]
2012-04-16 09:53:13 Notice: Notice (8): Constant LOG_ERROR already defined in [/var/www/household/app/config/const.php, line 16]
2012-04-16 09:53:14 Notice: Notice (8): Constant LOG_ERROR already defined in [/var/www/household/app/config/const.php, line 16]
2012-04-16 09:53:32 Notice: Notice (8): Constant LOG_ERROR already defined in [/var/www/household/app/config/const.php, line 16]
2012-04-16 09:53:32 Notice: Notice (8): Undefined variable: data in [/var/www/household/app/views/records/edit.ctp, line 43]
2012-04-16 09:53:37 Notice: Notice (8): Constant LOG_ERROR already defined in [/var/www/household/app/config/const.php, line 16]
2012-04-16 09:53:37 Notice: Notice (8): Undefined variable: record in [/var/www/household/app/views/records/edit.ctp, line 43]
2012-04-16 09:54:09 Notice: Notice (8): Constant LOG_ERROR already defined in [/var/www/household/app/config/const.php, line 16]
2012-04-16 09:54:17 Notice: Notice (8): Constant LOG_ERROR already defined in [/var/www/household/app/config/const.php, line 16]
2012-04-16 09:54:17 Notice: Notice (8): Undefined index:  Records in [/var/www/household/app/views/records/edit.ctp, line 43]
2012-04-16 09:54:23 Notice: Notice (8): Constant LOG_ERROR already defined in [/var/www/household/app/config/const.php, line 16]
2012-04-16 09:54:23 Notice: Notice (8): Undefined index:  date in [/var/www/household/app/views/records/edit.ctp, line 43]
2012-04-16 09:54:28 Notice: Notice (8): Constant LOG_ERROR already defined in [/var/www/household/app/config/const.php, line 16]
2012-04-16 09:54:44 Notice: Notice (8): Constant LOG_ERROR already defined in [/var/www/household/app/config/const.php, line 16]
2012-04-16 09:54:52 Notice: Notice (8): Constant LOG_ERROR already defined in [/var/www/household/app/config/const.php, line 16]
2012-04-16 09:56:42 Notice: Notice (8): Constant LOG_ERROR already defined in [/var/www/household/app/config/const.php, line 16]
2012-04-16 09:56:42 Notice: Notice (8): Constant LOG_ERROR already defined in [/var/www/household/app/config/const.php, line 16]
2012-04-16 09:56:45 Notice: Notice (8): Constant LOG_ERROR already defined in [/var/www/household/app/config/const.php, line 16]
2012-04-16 09:56:51 Notice: Notice (8): Constant LOG_ERROR already defined in [/var/www/household/app/config/const.php, line 16]
2012-04-16 09:56:52 Notice: Notice (8): Constant LOG_ERROR already defined in [/var/www/household/app/config/const.php, line 16]
2012-04-16 09:56:56 Notice: Notice (8): Constant LOG_ERROR already defined in [/var/www/household/app/config/const.php, line 16]
2012-04-16 09:57:11 Notice: Notice (8): Constant LOG_ERROR already defined in [/var/www/household/app/config/const.php, line 16]
2012-04-16 09:57:11 Notice: Notice (8): Constant LOG_ERROR already defined in [/var/www/household/app/config/const.php, line 16]
2012-04-16 09:57:28 Notice: Notice (8): Constant LOG_ERROR already defined in [/var/www/household/app/config/const.php, line 16]
2012-04-16 09:58:31 Notice: Notice (8): Constant LOG_ERROR already defined in [/var/www/household/app/config/const.php, line 16]
2012-04-16 09:58:42 Notice: Notice (8): Constant LOG_ERROR already defined in [/var/www/household/app/config/const.php, line 16]
2012-04-16 10:43:35 Notice: Notice (8): Constant LOG_ERROR already defined in [/etc/httpd/virtualhost.d/household.php, line 11]
2012-04-16 10:43:36 Notice: Notice (8): Constant LOG_ERROR already defined in [/etc/httpd/virtualhost.d/household.php, line 11]
2012-04-16 10:45:13 Notice: Notice (8): Constant LOG_ERROR already defined in [/etc/httpd/virtualhost.d/household.php, line 11]
2012-04-16 10:45:21 Notice: Notice (8): Constant LOG_ERROR already defined in [/etc/httpd/virtualhost.d/household.php, line 11]
2012-04-16 10:45:22 Notice: Notice (8): Constant LOG_ERROR already defined in [/etc/httpd/virtualhost.d/household.php, line 11]
2012-04-16 10:45:22 Notice: Notice (8): Undefined variable: categories in [/var/www/household/app/views/graph/index.ctp, line 69]
2012-04-16 10:45:22 Notice: Notice (8): Constant LOG_ERROR already defined in [/etc/httpd/virtualhost.d/household.php, line 11]
2012-04-16 10:46:23 Notice: Notice (8): Constant LOG_ERROR already defined in [/etc/httpd/virtualhost.d/household.php, line 11]
2012-04-16 10:46:47 Notice: Notice (8): Constant LOG_ERROR already defined in [/etc/httpd/virtualhost.d/household.php, line 11]
2012-04-16 10:46:48 Notice: Notice (8): Undefined variable: vouncer_list in [/var/www/household/app/views/main/index.ctp, line 22]
2012-04-16 10:46:48 Notice: Notice (8): Undefined variable: master_category_list in [/var/www/household/app/views/main/index.ctp, line 38]
2012-04-16 10:46:48 Notice: Notice (8): Undefined variable: info_category_list in [/var/www/household/app/views/main/index.ctp, line 46]
2012-04-16 10:47:11 Notice: Notice (8): Constant LOG_ERROR already defined in [/etc/httpd/virtualhost.d/household.php, line 11]
2012-04-16 10:47:12 Notice: Notice (8): Undefined variable: vouncer_list in [/var/www/household/app/views/main/index.ctp, line 22]
2012-04-16 10:47:12 Notice: Notice (8): Undefined variable: master_category_list in [/var/www/household/app/views/main/index.ctp, line 38]
2012-04-16 10:47:12 Notice: Notice (8): Undefined variable: info_category_list in [/var/www/household/app/views/main/index.ctp, line 46]
2012-04-16 10:47:35 Notice: Notice (8): Constant LOG_ERROR already defined in [/etc/httpd/virtualhost.d/household.php, line 11]
2012-04-16 10:49:37 Notice: Notice (8): Constant LOG_ERROR already defined in [/etc/httpd/virtualhost.d/household.php, line 11]
2012-04-16 10:49:39 Notice: Notice (8): Constant LOG_ERROR already defined in [/etc/httpd/virtualhost.d/household.php, line 11]
2012-04-16 10:49:39 Notice: Notice (8): Undefined variable: categories in [/var/www/household/app/views/graph/index.ctp, line 69]
2012-04-16 10:49:40 Notice: Notice (8): Constant LOG_ERROR already defined in [/etc/httpd/virtualhost.d/household.php, line 11]
2012-04-16 10:51:07 Notice: Notice (8): Constant LOG_ERROR already defined in [/etc/httpd/virtualhost.d/household.php, line 11]
2012-04-16 10:51:07 Notice: Notice (8): Undefined variable: categories in [/var/www/household/app/views/graph/index.ctp, line 69]
2012-04-16 10:51:07 Notice: Notice (8): Constant LOG_ERROR already defined in [/etc/httpd/virtualhost.d/household.php, line 11]
