2010-05-20 12:12:52 Warning: Warning (512): <span style="color:Red;text-align:left"><b>SQL Error:</b> 1064: You have an error in your SQL syntax; check the manual that corresponds to your MySQL server version for the right syntax to use near 'del' at line 1</span> in [/usr/share/php/cake/libs/model/datasources/dbo_source.php, line 666]
2010-05-20 12:13:00 Warning: Warning (512): <span style="color:Red;text-align:left"><b>SQL Error:</b> 1064: You have an error in your SQL syntax; check the manual that corresponds to your MySQL server version for the right syntax to use near 'del' at line 1</span> in [/usr/share/php/cake/libs/model/datasources/dbo_source.php, line 666]
2010-05-31 19:14:05 Warning: Warning (512): <span style="color:Red;text-align:left"><b>SQL Error:</b> 1054: Unknown column 'Record.id' in 'order clause'</span> in [/usr/share/php/cake/libs/model/datasources/dbo_source.php, line 666]
2010-05-31 19:14:05 Warning: Warning (2): Invalid argument supplied for foreach() in [/var/www/household/app/views/records/index.ctp, line 16]
2010-05-31 21:49:46 Warning: Warning (512): Cache not configured properly. Please check Cache::config(); in APP/config/core.php in [/usr/share/php/cake/libs/configure.php, line 399]
2010-05-31 22:09:50 Warning: Warning (512): <span style="color:Red;text-align:left"><b>SQL Error:</b> 1064: You have an error in your SQL syntax; check the manual that corresponds to your MySQL server version for the right syntax to use near 'sql' at line 1</span> in [/usr/share/php/cake/libs/model/datasources/dbo_source.php, line 666]
2010-05-31 22:16:00 Warning: Warning (512): <span style="color:Red;text-align:left"><b>SQL Error:</b> 1054: Unknown column 'Records.id' in 'field list'</span> in [/usr/share/php/cake/libs/model/datasources/dbo_source.php, line 666]
2010-05-31 22:22:59 Warning: Warning (2): preg_match() expects parameter 2 to be string, array given in [/usr/share/php/cake/libs/model/datasources/dbo_source.php, line 1982]
2010-05-31 22:22:59 Warning: Warning (2): preg_match() expects parameter 2 to be string, array given in [/usr/share/php/cake/libs/model/datasources/dbo_source.php, line 1984]
2010-05-31 22:22:59 Warning: Warning (512): <span style="color:Red;text-align:left"><b>SQL Error:</b> 1064: You have an error in your SQL syntax; check the manual that corresponds to your MySQL server version for the right syntax to use near 'FROM `records` AS `Record`   WHERE 1 = 1' at line 1</span> in [/usr/share/php/cake/libs/model/datasources/dbo_source.php, line 666]
2010-05-31 22:23:23 Warning: Warning (512): <span style="color:Red;text-align:left"><b>SQL Error:</b> 1054: Unknown column 'Records.category_id' in 'group statement'</span> in [/usr/share/php/cake/libs/model/datasources/dbo_source.php, line 666]
2010-05-31 22:25:11 Warning: Warning (512): <span style="color:Red;text-align:left"><b>SQL Error:</b> 1054: Unknown column 'Record.name' in 'field list'</span> in [/usr/share/php/cake/libs/model/datasources/dbo_source.php, line 666]
2010-05-31 22:30:20 Warning: Warning (2): preg_match() expects parameter 2 to be string, array given in [/usr/share/php/cake/libs/model/datasources/dbo_source.php, line 1982]
2010-05-31 22:30:20 Warning: Warning (2): preg_match() expects parameter 2 to be string, array given in [/usr/share/php/cake/libs/model/datasources/dbo_source.php, line 1984]
2010-05-31 22:30:20 Warning: Warning (512): <span style="color:Red;text-align:left"><b>SQL Error:</b> 1054: Unknown column 'Record.Array' in 'field list'</span> in [/usr/share/php/cake/libs/model/datasources/dbo_source.php, line 666]
2010-05-31 22:34:29 Warning: Warning (512): <span style="color:Red;text-align:left"><b>SQL Error:</b> 1064: You have an error in your SQL syntax; check the manual that corresponds to your MySQL server version for the right syntax to use near 'select id, count(id) from records as Record group by category_id    LIMIT 1' at line 1</span> in [/usr/share/php/cake/libs/model/datasources/dbo_source.php, line 666]
2012-04-15 20:52:17 Warning: Warning (2): Cannot modify header information - headers already sent by (output started at /usr/share/php/cake/libs/debugger.php:673) in [/usr/share/php/cake/libs/controller/controller.php, line 744]
2012-04-15 21:03:11 Warning: Warning (512): <span style="color:Red;text-align:left"><b>SQL Error:</b> 1052: Column 'id' in where clause is ambiguous</span> in [/usr/share/php/cake/libs/model/datasources/dbo_source.php, line 666]
2012-04-15 21:03:11 Warning: Warning (2): Invalid argument supplied for foreach() in [/var/www/household/app/views/main/index.ctp, line 22]
2012-04-15 21:03:16 Warning: Warning (512): <span style="color:Red;text-align:left"><b>SQL Error:</b> 1052: Column 'id' in where clause is ambiguous</span> in [/usr/share/php/cake/libs/model/datasources/dbo_source.php, line 666]
2012-04-15 21:03:16 Warning: Warning (2): Invalid argument supplied for foreach() in [/var/www/household/app/views/main/index.ctp, line 22]
2012-04-15 21:13:19 Warning: Warning (512): <span style="color:Red;text-align:left"><b>SQL Error:</b> 1062: Duplicate entry '11' for key 1</span> in [/usr/share/php/cake/libs/model/datasources/dbo_source.php, line 666]
2012-04-15 21:49:45 Warning: Warning (2): Invalid argument supplied for foreach() in [/var/www/household/app/views/records/add.ctp, line 24]
2012-04-15 21:49:45 Warning: Warning (2): Invalid argument supplied for foreach() in [/var/www/household/app/views/records/add.ctp, line 40]
2012-04-15 21:49:45 Warning: Warning (2): Invalid argument supplied for foreach() in [/var/www/household/app/views/records/add.ctp, line 48]
2012-04-15 21:50:01 Warning: Warning (2): Invalid argument supplied for foreach() in [/var/www/household/app/views/records/add.ctp, line 24]
2012-04-15 21:50:01 Warning: Warning (2): Invalid argument supplied for foreach() in [/var/www/household/app/views/records/add.ctp, line 40]
2012-04-15 21:50:01 Warning: Warning (2): Invalid argument supplied for foreach() in [/var/www/household/app/views/records/add.ctp, line 48]
2012-04-15 21:50:24 Warning: Warning (2): Invalid argument supplied for foreach() in [/var/www/household/app/views/records/add.ctp, line 24]
2012-04-15 21:50:24 Warning: Warning (2): Invalid argument supplied for foreach() in [/var/www/household/app/views/records/add.ctp, line 40]
2012-04-15 21:50:24 Warning: Warning (2): Invalid argument supplied for foreach() in [/var/www/household/app/views/records/add.ctp, line 48]
2012-04-15 21:52:32 Warning: Warning (2): Invalid argument supplied for foreach() in [/var/www/household/app/views/records/add.ctp, line 24]
2012-04-15 21:52:32 Warning: Warning (2): Invalid argument supplied for foreach() in [/var/www/household/app/views/records/add.ctp, line 40]
2012-04-15 21:52:32 Warning: Warning (2): Invalid argument supplied for foreach() in [/var/www/household/app/views/records/add.ctp, line 48]
2012-04-15 21:52:43 Warning: Warning (2): Invalid argument supplied for foreach() in [/var/www/household/app/views/records/add.ctp, line 24]
2012-04-15 21:52:43 Warning: Warning (2): Invalid argument supplied for foreach() in [/var/www/household/app/views/records/add.ctp, line 40]
2012-04-15 21:52:43 Warning: Warning (2): Invalid argument supplied for foreach() in [/var/www/household/app/views/records/add.ctp, line 48]
2012-04-15 21:52:47 Warning: Warning (2): Invalid argument supplied for foreach() in [/var/www/household/app/views/records/add.ctp, line 24]
2012-04-15 21:52:47 Warning: Warning (2): Invalid argument supplied for foreach() in [/var/www/household/app/views/records/add.ctp, line 40]
2012-04-15 21:52:47 Warning: Warning (2): Invalid argument supplied for foreach() in [/var/www/household/app/views/records/add.ctp, line 48]
2012-04-15 21:54:38 Warning: Warning (2): Invalid argument supplied for foreach() in [/var/www/household/app/views/records/add.ctp, line 26]
2012-04-15 21:54:38 Warning: Warning (2): Invalid argument supplied for foreach() in [/var/www/household/app/views/records/add.ctp, line 42]
2012-04-15 21:54:38 Warning: Warning (2): Invalid argument supplied for foreach() in [/var/www/household/app/views/records/add.ctp, line 50]
2012-04-15 21:55:09 Warning: Warning (2): Invalid argument supplied for foreach() in [/var/www/household/app/views/records/add.ctp, line 40]
2012-04-15 21:55:09 Warning: Warning (2): Invalid argument supplied for foreach() in [/var/www/household/app/views/records/add.ctp, line 48]
2012-04-15 21:55:33 Warning: Warning (2): Invalid argument supplied for foreach() in [/var/www/household/app/views/records/add.ctp, line 40]
2012-04-15 21:55:33 Warning: Warning (2): Invalid argument supplied for foreach() in [/var/www/household/app/views/records/add.ctp, line 48]
2012-04-15 21:55:35 Warning: Warning (2): Invalid argument supplied for foreach() in [/var/www/household/app/views/records/add.ctp, line 40]
2012-04-15 21:55:35 Warning: Warning (2): Invalid argument supplied for foreach() in [/var/www/household/app/views/records/add.ctp, line 48]
2012-04-15 22:04:42 Warning: Warning (2): Invalid argument supplied for foreach() in [/var/www/household/app/views/records/add.ctp, line 24]
2012-04-15 22:04:42 Warning: Warning (2): Invalid argument supplied for foreach() in [/var/www/household/app/views/records/add.ctp, line 40]
2012-04-15 22:04:42 Warning: Warning (2): Invalid argument supplied for foreach() in [/var/www/household/app/views/records/add.ctp, line 48]
2012-04-16 00:04:30 Warning: Warning (2): array_keys() [<a href='http://php.net/function.array-keys'>function.array-keys</a>]: The first argument should be an array in [/var/www/household/app/views/graph/index.ctp, line 54]
2012-04-16 00:04:30 Warning: Warning (2): Invalid argument supplied for foreach() in [/var/www/household/app/views/graph/index.ctp, line 54]
2012-04-16 00:04:30 Warning: Warning (2): array_values() [<a href='http://php.net/function.array-values'>function.array-values</a>]: The argument should be an array in [/var/www/household/app/views/graph/index.ctp, line 69]
2012-04-16 00:04:30 Warning: Warning (2): join() [<a href='http://php.net/function.join'>function.join</a>]: Invalid arguments passed in [/var/www/household/app/views/graph/index.ctp, line 69]
2012-04-16 00:11:06 Warning: Warning (2): array_keys() [<a href='http://php.net/function.array-keys'>function.array-keys</a>]: The first argument should be an array in [/var/www/household/app/views/graph/index.ctp, line 54]
2012-04-16 00:11:06 Warning: Warning (2): Invalid argument supplied for foreach() in [/var/www/household/app/views/graph/index.ctp, line 54]
2012-04-16 00:11:06 Warning: Warning (2): array_values() [<a href='http://php.net/function.array-values'>function.array-values</a>]: The argument should be an array in [/var/www/household/app/views/graph/index.ctp, line 69]
2012-04-16 00:11:06 Warning: Warning (2): join() [<a href='http://php.net/function.join'>function.join</a>]: Invalid arguments passed in [/var/www/household/app/views/graph/index.ctp, line 69]
2012-04-16 00:11:49 Warning: Warning (2): array_keys() [<a href='http://php.net/function.array-keys'>function.array-keys</a>]: The first argument should be an array in [/var/www/household/app/views/graph/index.ctp, line 54]
2012-04-16 00:11:49 Warning: Warning (2): Invalid argument supplied for foreach() in [/var/www/household/app/views/graph/index.ctp, line 54]
2012-04-16 00:11:49 Warning: Warning (2): array_values() [<a href='http://php.net/function.array-values'>function.array-values</a>]: The argument should be an array in [/var/www/household/app/views/graph/index.ctp, line 69]
2012-04-16 00:11:49 Warning: Warning (2): join() [<a href='http://php.net/function.join'>function.join</a>]: Invalid arguments passed in [/var/www/household/app/views/graph/index.ctp, line 69]
2012-04-16 00:11:54 Warning: Warning (2): array_keys() [<a href='http://php.net/function.array-keys'>function.array-keys</a>]: The first argument should be an array in [/var/www/household/app/views/graph/index.ctp, line 54]
2012-04-16 00:11:54 Warning: Warning (2): Invalid argument supplied for foreach() in [/var/www/household/app/views/graph/index.ctp, line 54]
2012-04-16 00:11:54 Warning: Warning (2): array_values() [<a href='http://php.net/function.array-values'>function.array-values</a>]: The argument should be an array in [/var/www/household/app/views/graph/index.ctp, line 69]
2012-04-16 00:11:54 Warning: Warning (2): join() [<a href='http://php.net/function.join'>function.join</a>]: Invalid arguments passed in [/var/www/household/app/views/graph/index.ctp, line 69]
2012-04-16 00:12:13 Warning: Warning (2): array_values() [<a href='http://php.net/function.array-values'>function.array-values</a>]: The argument should be an array in [/var/www/household/app/views/graph/index.ctp, line 69]
2012-04-16 00:12:13 Warning: Warning (2): join() [<a href='http://php.net/function.join'>function.join</a>]: Invalid arguments passed in [/var/www/household/app/views/graph/index.ctp, line 69]
2012-04-16 00:12:17 Warning: Warning (2): array_values() [<a href='http://php.net/function.array-values'>function.array-values</a>]: The argument should be an array in [/var/www/household/app/views/graph/index.ctp, line 69]
2012-04-16 00:12:17 Warning: Warning (2): join() [<a href='http://php.net/function.join'>function.join</a>]: Invalid arguments passed in [/var/www/household/app/views/graph/index.ctp, line 69]
2012-04-16 00:12:29 Warning: Warning (2): array_values() [<a href='http://php.net/function.array-values'>function.array-values</a>]: The argument should be an array in [/var/www/household/app/views/graph/index.ctp, line 69]
2012-04-16 00:12:29 Warning: Warning (2): join() [<a href='http://php.net/function.join'>function.join</a>]: Invalid arguments passed in [/var/www/household/app/views/graph/index.ctp, line 69]
